#
# A fatal error has been detected by the Java Runtime Environment:
#
#  SIGSEGV (0xb) at pc=0x00007f743114ec76, pid=4319, tid=0x00007f73a34f4700
#
# JRE version: Java(TM) SE Runtime Environment (8.0_181-b13) (build 1.8.0_181-b13)
# Java VM: Java HotSpot(TM) 64-Bit Server VM (25.181-b13 mixed mode linux-amd64 compressed oops)
# Problematic frame:
# C  [libc.so.6+0x14dc76]
#
# Failed to write core dump. Core dumps have been disabled. To enable core dumping, try "ulimit -c unlimited" before starting Java again
#
# If you would like to submit a bug report, please visit:
#   http://bugreport.java.com/bugreport/crash.jsp
# The crash happened outside the Java Virtual Machine in native code.
# See problematic frame for where to report the bug.
#

---------------  T H R E A D  ---------------

Current thread (0x00007f73b0004800):  JavaThread "restartedMain" [_thread_in_native, id=4641, stack(0x00007f73a33f4000,0x00007f73a34f5000)]

siginfo: si_signo: 11 (SIGSEGV), si_code: 1 (SEGV_MAPERR), si_addr: 0x00007f7431c2a000

Registers:
RAX=0x00007f73cc5b69d2, RBX=0x00007f7431c233b1, RCX=0x000000000000071f, RDX=0x000000000000736e
RSP=0x00007f73a34f10b8, RBP=0x00007f73a34f1110, RSI=0x00007f7431c2a000, RDI=0x00007f73cc5bd621
R8 =0x00007f73cc000698, R9 =0x0000000000000000, R10=0x00007f73cc000078, R11=0x00007f73cc000078
R12=0x00007f7431c1c416, R13=0x00007f73cd50bdd0, R14=0x000000000000736e, R15=0x00007f7428103bf0
RIP=0x00007f743114ec76, EFLAGS=0x0000000000010283, CSGSFS=0x002b000000000033, ERR=0x0000000000000004
  TRAPNO=0x000000000000000e

Top of Stack: (sp=0x00007f73a34f10b8)
0x00007f73a34f10b8:   00007f742ec6a6b9 00007f73a34f1120
0x00007f73a34f10c8:   752f6e7300000000 0000000000006f6d
0x00007f73a34f10d8:   000000006974556e 00007f73cd50bdd0
0x00007f73a34f10e8:   00007f7428103e90 00007f73b80013d0
0x00007f73a34f10f8:   00007f7428103bf0 000000007e803491
0x00007f73a34f1108:   0000000000000016 00007f73a34f1170
0x00007f73a34f1118:   00007f742ec6ac3f 00007f73b0004800
0x00007f73a34f1128:   0100000000abf460 00007f73a34f1190
0x00007f73a34f1138:   00007f73a34f11a7 00007f73a34f11a5
0x00007f73a34f1148:   00007f73a34f1190 0000000000000016
0x00007f73a34f1158:   00007f73b00049f8 00007f73a34f15e8
0x00007f73a34f1168:   0000000000000001 00007f73a34f15d0
0x00007f73a34f1178:   00007f742ec5be90 00007f74288c2a88
0x00007f73a34f1188:   00007f7428103bf0 746163696c707061
0x00007f73a34f1198:   706f72702e6e6f69 0000736569747265
0x00007f73a34f11a8:   00007f73b0004800 00007f74288c2a88
0x00007f73a34f11b8:   00000000000000d8 00007f742c7d13d8
0x00007f73a34f11c8:   00007f73b0004800 00007f742c7d13d8
0x00007f73a34f11d8:   00007f73b0004800 00007f7430f6f430
0x00007f73a34f11e8:   00007f7431a3d8a0 00007f742c7d13d8
0x00007f73a34f11f8:   00007f73b0004800 0000000000000000
0x00007f73a34f1208:   00007f73cd55e1e0 00007f742c7d13d8
0x00007f73a34f1218:   00007f73b0004800 00007f73a34f1250
0x00007f73a34f1228:   00007f73b0002620 000000076d5cc958
0x00007f73a34f1238:   00007f742c7d13d8 00007f73b00024f0
0x00007f73a34f1248:   00007f73b0004800 00007f73a34f13e0
0x00007f73a34f1258:   00007f74306da2af 000000076d5cb508
0x00007f73a34f1268:   00007f742c7d13d8 00007f73a34f12c0
0x00007f73a34f1278:   00007f73a34f1340 00007f73a34f1410
0x00007f73a34f1288:   00007f73a34f1490 00007f73b00049f8
0x00007f73a34f1298:   00007f74306f93e0 00007f73cd55e1d0
0x00007f73a34f12a8:   00007f73cd55e1e0 00007f73cd55e5b8 

Instructions: (pc=0x00007f743114ec76)
0x00007f743114ec56:   c0 c3 0f 1f 84 00 00 00 00 00 48 8b 0d 71 65 27
0x00007f743114ec66:   00 48 c1 e1 03 48 39 ca 73 10 48 89 d1 48 89 d1
0x00007f743114ec76:   f3 a4 c3 0f 1f 80 00 00 00 00 48 8d 0c 16 c5 fe
0x00007f743114ec86:   6f 26 c5 fa 6f 6c 16 80 c5 fa 6f 71 90 c5 fa 6f 

Register to memory mapping:

RAX=0x00007f73cc5b69d2 is an unknown value
RBX=0x00007f7431c233b1 is an unknown value
RCX=0x000000000000071f is an unknown value
RDX=0x000000000000736e is an unknown value
RSP=0x00007f73a34f10b8 is pointing into the stack for thread: 0x00007f73b0004800
RBP=0x00007f73a34f1110 is pointing into the stack for thread: 0x00007f73b0004800
RSI=0x00007f7431c2a000 is an unknown value
RDI=0x00007f73cc5bd621 is an unknown value
R8 =0x00007f73cc000698 is an unknown value
R9 =0x0000000000000000 is an unknown value
R10=0x00007f73cc000078 is an unknown value
R11=0x00007f73cc000078 is an unknown value
R12=0x00007f7431c1c416 is an unknown value
R13=0x00007f73cd50bdd0 is an unknown value
R14=0x000000000000736e is an unknown value
R15=0x00007f7428103bf0 is an unknown value


Stack: [0x00007f73a33f4000,0x00007f73a34f5000],  sp=0x00007f73a34f10b8,  free space=1012k
Native frames: (J=compiled Java code, j=interpreted, Vv=VM code, C=native code)
C  [libc.so.6+0x14dc76]
C  [libzip.so+0x12c3f]  ZIP_GetEntry2+0xff
C  [libzip.so+0x3e90]  Java_java_util_zip_ZipFile_getEntry+0xf0
J 96  java.util.zip.ZipFile.getEntry(J[BZ)J (0 bytes) @ 0x00007f741912d5ce [0x00007f741912d500+0xce]
J 3554 C2 java.util.jar.JarFile.getEntry(Ljava/lang/String;)Ljava/util/zip/ZipEntry; (22 bytes) @ 0x00007f7419c52644 [0x00007f7419c522e0+0x364]
J 1001 C2 sun.misc.URLClassPath$JarLoader.getResource(Ljava/lang/String;Z)Lsun/misc/Resource; (85 bytes) @ 0x00007f741937dba4 [0x00007f741937db20+0x84]
J 3655 C2 sun.misc.URLClassPath.findResource(Ljava/lang/String;Z)Ljava/net/URL; (47 bytes) @ 0x00007f7419cdb2b4 [0x00007f7419cdae20+0x494]
J 1583 C1 java.net.URLClassLoader$2.run()Ljava/lang/Object; (5 bytes) @ 0x00007f741951d614 [0x00007f741951d500+0x114]
v  ~StubRoutines::call_stub
V  [libjvm.so+0x697a76]  JavaCalls::call_helper(JavaValue*, methodHandle*, JavaCallArguments*, Thread*)+0x1056
V  [libjvm.so+0x73107c]  JVM_DoPrivileged+0x27c
J 1385  java.security.AccessController.doPrivileged(Ljava/security/PrivilegedAction;Ljava/security/AccessControlContext;)Ljava/lang/Object; (0 bytes) @ 0x00007f741945bb55 [0x00007f741945ba80+0xd5]
J 1581 C1 java.net.URLClassLoader.findResource(Ljava/lang/String;)Ljava/net/URL; (37 bytes) @ 0x00007f741951ca14 [0x00007f741951c880+0x194]
J 1962 C1 java.lang.ClassLoader.getResource(Ljava/lang/String;)Ljava/net/URL; (36 bytes) @ 0x00007f7419690464 [0x00007f741968ffa0+0x4c4]
J 1990 C1 org.springframework.boot.devtools.restart.classloader.RestartClassLoader.getResource(Ljava/lang/String;)Ljava/net/URL; (48 bytes) @ 0x00007f74196b76dc [0x00007f74196b6c20+0xabc]
j  org.springframework.core.io.ClassPathResource.resolveURL()Ljava/net/URL;+34
j  org.springframework.core.io.ClassPathResource.exists()Z+1
j  org.springframework.boot.context.config.ConfigFileApplicationListener$Loader.load(Lorg/springframework/boot/env/PropertySourceLoader;Ljava/lang/String;Lorg/springframework/boot/context/config/ConfigFileApplicationListener$Profile;Lorg/springframework/boot/context/config/ConfigFileApplicationListener$DocumentFilter;Lorg/springframework/boot/context/config/ConfigFileApplicationListener$DocumentConsumer;)V+19
j  org.springframework.boot.context.config.ConfigFileApplicationListener$Loader.loadForFileExtension(Lorg/springframework/boot/env/PropertySourceLoader;Ljava/lang/String;Ljava/lang/String;Lorg/springframework/boot/context/config/ConfigFileApplicationListener$Profile;Lorg/springframework/boot/context/config/ConfigFileApplicationListener$DocumentFilterFactory;Lorg/springframework/boot/context/config/ConfigFileApplicationListener$DocumentConsumer;)V+192
j  org.springframework.boot.context.config.ConfigFileApplicationListener$Loader.load(Ljava/lang/String;Ljava/lang/String;Lorg/springframework/boot/context/config/ConfigFileApplicationListener$Profile;Lorg/springframework/boot/context/config/ConfigFileApplicationListener$DocumentFilterFactory;Lorg/springframework/boot/context/config/ConfigFileApplicationListener$DocumentConsumer;)V+203
j  org.springframework.boot.context.config.ConfigFileApplicationListener$Loader.lambda$null$6(Ljava/lang/String;Lorg/springframework/boot/context/config/ConfigFileApplicationListener$Profile;Lorg/springframework/boot/context/config/ConfigFileApplicationListener$DocumentFilterFactory;Lorg/springframework/boot/context/config/ConfigFileApplicationListener$DocumentConsumer;Ljava/lang/String;)V+8
j  org.springframework.boot.context.config.ConfigFileApplicationListener$Loader$$Lambda$31.accept(Ljava/lang/Object;)V+24
j  java.lang.Iterable.forEach(Ljava/util/function/Consumer;)V+30
j  org.springframework.boot.context.config.ConfigFileApplicationListener$Loader.lambda$load$7(Lorg/springframework/boot/context/config/ConfigFileApplicationListener$Profile;Lorg/springframework/boot/context/config/ConfigFileApplicationListener$DocumentFilterFactory;Lorg/springframework/boot/context/config/ConfigFileApplicationListener$DocumentConsumer;Ljava/lang/String;)V+39
j  org.springframework.boot.context.config.ConfigFileApplicationListener$Loader$$Lambda$30.accept(Ljava/lang/Object;)V+20
j  java.lang.Iterable.forEach(Ljava/util/function/Consumer;)V+30
j  org.springframework.boot.context.config.ConfigFileApplicationListener$Loader.load(Lorg/springframework/boot/context/config/ConfigFileApplicationListener$Profile;Lorg/springframework/boot/context/config/ConfigFileApplicationListener$DocumentFilterFactory;Lorg/springframework/boot/context/config/ConfigFileApplicationListener$DocumentConsumer;)V+13
j  org.springframework.boot.context.config.ConfigFileApplicationListener$Loader.load()V+104
j  org.springframework.boot.context.config.ConfigFileApplicationListener.addPropertySources(Lorg/springframework/core/env/ConfigurableEnvironment;Lorg/springframework/core/io/ResourceLoader;)V+14
j  org.springframework.boot.context.config.ConfigFileApplicationListener.postProcessEnvironment(Lorg/springframework/core/env/ConfigurableEnvironment;Lorg/springframework/boot/SpringApplication;)V+6
j  org.springframework.boot.context.config.ConfigFileApplicationListener.onApplicationEnvironmentPreparedEvent(Lorg/springframework/boot/context/event/ApplicationEnvironmentPreparedEvent;)V+54
j  org.springframework.boot.context.config.ConfigFileApplicationListener.onApplicationEvent(Lorg/springframework/context/ApplicationEvent;)V+12
j  org.springframework.context.event.SimpleApplicationEventMulticaster.doInvokeListener(Lorg/springframework/context/ApplicationListener;Lorg/springframework/context/ApplicationEvent;)V+2
j  org.springframework.context.event.SimpleApplicationEventMulticaster.invokeListener(Lorg/springframework/context/ApplicationListener;Lorg/springframework/context/ApplicationEvent;)V+34
j  org.springframework.context.event.SimpleApplicationEventMulticaster.multicastEvent(Lorg/springframework/context/ApplicationEvent;Lorg/springframework/core/ResolvableType;)V+83
j  org.springframework.context.event.SimpleApplicationEventMulticaster.multicastEvent(Lorg/springframework/context/ApplicationEvent;)V+7
j  org.springframework.boot.context.event.EventPublishingRunListener.environmentPrepared(Lorg/springframework/core/env/ConfigurableEnvironment;)V+20
j  org.springframework.boot.SpringApplicationRunListeners.environmentPrepared(Lorg/springframework/core/env/ConfigurableEnvironment;)V+31
j  org.springframework.boot.SpringApplication.prepareEnvironment(Lorg/springframework/boot/SpringApplicationRunListeners;Lorg/springframework/boot/ApplicationArguments;)Lorg/springframework/core/env/ConfigurableEnvironment;+18
j  org.springframework.boot.SpringApplication.run([Ljava/lang/String;)Lorg/springframework/context/ConfigurableApplicationContext;+54
j  org.springframework.boot.SpringApplication.run([Ljava/lang/Class;[Ljava/lang/String;)Lorg/springframework/context/ConfigurableApplicationContext;+9
j  org.springframework.boot.SpringApplication.run(Ljava/lang/Class;[Ljava/lang/String;)Lorg/springframework/context/ConfigurableApplicationContext;+9
j  com.lyna.web.LynaApplication.main([Ljava/lang/String;)V+3
v  ~StubRoutines::call_stub
V  [libjvm.so+0x697a76]  JavaCalls::call_helper(JavaValue*, methodHandle*, JavaCallArguments*, Thread*)+0x1056
V  [libjvm.so+0x9a6737]  Reflection::invoke(instanceKlassHandle, methodHandle, Handle, bool, objArrayHandle, BasicType, objArrayHandle, bool, Thread*)+0x5d7
V  [libjvm.so+0x9a9e47]  Reflection::invoke_method(oopDesc*, Handle, objArrayHandle, Thread*)+0x147
V  [libjvm.so+0x729c7b]  JVM_InvokeMethod+0x26b
J 2121  sun.reflect.NativeMethodAccessorImpl.invoke0(Ljava/lang/reflect/Method;Ljava/lang/Object;[Ljava/lang/Object;)Ljava/lang/Object; (0 bytes) @ 0x00007f74197225ad [0x00007f74197224c0+0xed]
J 1580 C1 sun.reflect.NativeMethodAccessorImpl.invoke(Ljava/lang/Object;[Ljava/lang/Object;)Ljava/lang/Object; (104 bytes) @ 0x00007f7419516a54 [0x00007f7419515880+0x11d4]
J 6270 C2 java.lang.reflect.Method.invoke(Ljava/lang/Object;[Ljava/lang/Object;)Ljava/lang/Object; (62 bytes) @ 0x00007f7419adcf94 [0x00007f7419adcee0+0xb4]
j  org.springframework.boot.devtools.restart.RestartLauncher.run()V+41
v  ~StubRoutines::call_stub
V  [libjvm.so+0x697a76]  JavaCalls::call_helper(JavaValue*, methodHandle*, JavaCallArguments*, Thread*)+0x1056
V  [libjvm.so+0x697f81]  JavaCalls::call_virtual(JavaValue*, KlassHandle, Symbol*, Symbol*, JavaCallArguments*, Thread*)+0x321
V  [libjvm.so+0x698427]  JavaCalls::call_virtual(JavaValue*, Handle, KlassHandle, Symbol*, Symbol*, Thread*)+0x47
V  [libjvm.so+0x71789e]  thread_entry(JavaThread*, Thread*)+0x7e
V  [libjvm.so+0xa813f3]  JavaThread::thread_main_inner()+0x103
V  [libjvm.so+0xa8153c]  JavaThread::run()+0x11c
V  [libjvm.so+0x930198]  java_start(Thread*)+0x108
C  [libpthread.so.0+0x76ba]  start_thread+0xca

Java frames: (J=compiled Java code, j=interpreted, Vv=VM code)
J 96  java.util.zip.ZipFile.getEntry(J[BZ)J (0 bytes) @ 0x00007f741912d558 [0x00007f741912d500+0x58]
J 3554 C2 java.util.jar.JarFile.getEntry(Ljava/lang/String;)Ljava/util/zip/ZipEntry; (22 bytes) @ 0x00007f7419c52644 [0x00007f7419c522e0+0x364]
J 1001 C2 sun.misc.URLClassPath$JarLoader.getResource(Ljava/lang/String;Z)Lsun/misc/Resource; (85 bytes) @ 0x00007f741937dba4 [0x00007f741937db20+0x84]
J 3655 C2 sun.misc.URLClassPath.findResource(Ljava/lang/String;Z)Ljava/net/URL; (47 bytes) @ 0x00007f7419cdb2b4 [0x00007f7419cdae20+0x494]
J 1583 C1 java.net.URLClassLoader$2.run()Ljava/lang/Object; (5 bytes) @ 0x00007f741951d614 [0x00007f741951d500+0x114]
v  ~StubRoutines::call_stub
J 1385  java.security.AccessController.doPrivileged(Ljava/security/PrivilegedAction;Ljava/security/AccessControlContext;)Ljava/lang/Object; (0 bytes) @ 0x00007f741945bae3 [0x00007f741945ba80+0x63]
J 1581 C1 java.net.URLClassLoader.findResource(Ljava/lang/String;)Ljava/net/URL; (37 bytes) @ 0x00007f741951ca14 [0x00007f741951c880+0x194]
J 1962 C1 java.lang.ClassLoader.getResource(Ljava/lang/String;)Ljava/net/URL; (36 bytes) @ 0x00007f7419690464 [0x00007f741968ffa0+0x4c4]
J 1990 C1 org.springframework.boot.devtools.restart.classloader.RestartClassLoader.getResource(Ljava/lang/String;)Ljava/net/URL; (48 bytes) @ 0x00007f74196b76dc [0x00007f74196b6c20+0xabc]
j  org.springframework.core.io.ClassPathResource.resolveURL()Ljava/net/URL;+34
j  org.springframework.core.io.ClassPathResource.exists()Z+1
j  org.springframework.boot.context.config.ConfigFileApplicationListener$Loader.load(Lorg/springframework/boot/env/PropertySourceLoader;Ljava/lang/String;Lorg/springframework/boot/context/config/ConfigFileApplicationListener$Profile;Lorg/springframework/boot/context/config/ConfigFileApplicationListener$DocumentFilter;Lorg/springframework/boot/context/config/ConfigFileApplicationListener$DocumentConsumer;)V+19
j  org.springframework.boot.context.config.ConfigFileApplicationListener$Loader.loadForFileExtension(Lorg/springframework/boot/env/PropertySourceLoader;Ljava/lang/String;Ljava/lang/String;Lorg/springframework/boot/context/config/ConfigFileApplicationListener$Profile;Lorg/springframework/boot/context/config/ConfigFileApplicationListener$DocumentFilterFactory;Lorg/springframework/boot/context/config/ConfigFileApplicationListener$DocumentConsumer;)V+192
j  org.springframework.boot.context.config.ConfigFileApplicationListener$Loader.load(Ljava/lang/String;Ljava/lang/String;Lorg/springframework/boot/context/config/ConfigFileApplicationListener$Profile;Lorg/springframework/boot/context/config/ConfigFileApplicationListener$DocumentFilterFactory;Lorg/springframework/boot/context/config/ConfigFileApplicationListener$DocumentConsumer;)V+203
j  org.springframework.boot.context.config.ConfigFileApplicationListener$Loader.lambda$null$6(Ljava/lang/String;Lorg/springframework/boot/context/config/ConfigFileApplicationListener$Profile;Lorg/springframework/boot/context/config/ConfigFileApplicationListener$DocumentFilterFactory;Lorg/springframework/boot/context/config/ConfigFileApplicationListener$DocumentConsumer;Ljava/lang/String;)V+8
j  org.springframework.boot.context.config.ConfigFileApplicationListener$Loader$$Lambda$31.accept(Ljava/lang/Object;)V+24
j  java.lang.Iterable.forEach(Ljava/util/function/Consumer;)V+30
j  org.springframework.boot.context.config.ConfigFileApplicationListener$Loader.lambda$load$7(Lorg/springframework/boot/context/config/ConfigFileApplicationListener$Profile;Lorg/springframework/boot/context/config/ConfigFileApplicationListener$DocumentFilterFactory;Lorg/springframework/boot/context/config/ConfigFileApplicationListener$DocumentConsumer;Ljava/lang/String;)V+39
j  org.springframework.boot.context.config.ConfigFileApplicationListener$Loader$$Lambda$30.accept(Ljava/lang/Object;)V+20
j  java.lang.Iterable.forEach(Ljava/util/function/Consumer;)V+30
j  org.springframework.boot.context.config.ConfigFileApplicationListener$Loader.load(Lorg/springframework/boot/context/config/ConfigFileApplicationListener$Profile;Lorg/springframework/boot/context/config/ConfigFileApplicationListener$DocumentFilterFactory;Lorg/springframework/boot/context/config/ConfigFileApplicationListener$DocumentConsumer;)V+13
j  org.springframework.boot.context.config.ConfigFileApplicationListener$Loader.load()V+104
j  org.springframework.boot.context.config.ConfigFileApplicationListener.addPropertySources(Lorg/springframework/core/env/ConfigurableEnvironment;Lorg/springframework/core/io/ResourceLoader;)V+14
j  org.springframework.boot.context.config.ConfigFileApplicationListener.postProcessEnvironment(Lorg/springframework/core/env/ConfigurableEnvironment;Lorg/springframework/boot/SpringApplication;)V+6
j  org.springframework.boot.context.config.ConfigFileApplicationListener.onApplicationEnvironmentPreparedEvent(Lorg/springframework/boot/context/event/ApplicationEnvironmentPreparedEvent;)V+54
j  org.springframework.boot.context.config.ConfigFileApplicationListener.onApplicationEvent(Lorg/springframework/context/ApplicationEvent;)V+12
j  org.springframework.context.event.SimpleApplicationEventMulticaster.doInvokeListener(Lorg/springframework/context/ApplicationListener;Lorg/springframework/context/ApplicationEvent;)V+2
j  org.springframework.context.event.SimpleApplicationEventMulticaster.invokeListener(Lorg/springframework/context/ApplicationListener;Lorg/springframework/context/ApplicationEvent;)V+34
j  org.springframework.context.event.SimpleApplicationEventMulticaster.multicastEvent(Lorg/springframework/context/ApplicationEvent;Lorg/springframework/core/ResolvableType;)V+83
j  org.springframework.context.event.SimpleApplicationEventMulticaster.multicastEvent(Lorg/springframework/context/ApplicationEvent;)V+7
j  org.springframework.boot.context.event.EventPublishingRunListener.environmentPrepared(Lorg/springframework/core/env/ConfigurableEnvironment;)V+20
j  org.springframework.boot.SpringApplicationRunListeners.environmentPrepared(Lorg/springframework/core/env/ConfigurableEnvironment;)V+31
j  org.springframework.boot.SpringApplication.prepareEnvironment(Lorg/springframework/boot/SpringApplicationRunListeners;Lorg/springframework/boot/ApplicationArguments;)Lorg/springframework/core/env/ConfigurableEnvironment;+18
j  org.springframework.boot.SpringApplication.run([Ljava/lang/String;)Lorg/springframework/context/ConfigurableApplicationContext;+54
j  org.springframework.boot.SpringApplication.run([Ljava/lang/Class;[Ljava/lang/String;)Lorg/springframework/context/ConfigurableApplicationContext;+9
j  org.springframework.boot.SpringApplication.run(Ljava/lang/Class;[Ljava/lang/String;)Lorg/springframework/context/ConfigurableApplicationContext;+9
j  com.lyna.web.LynaApplication.main([Ljava/lang/String;)V+3
v  ~StubRoutines::call_stub
J 2121  sun.reflect.NativeMethodAccessorImpl.invoke0(Ljava/lang/reflect/Method;Ljava/lang/Object;[Ljava/lang/Object;)Ljava/lang/Object; (0 bytes) @ 0x00007f7419722537 [0x00007f74197224c0+0x77]
J 1580 C1 sun.reflect.NativeMethodAccessorImpl.invoke(Ljava/lang/Object;[Ljava/lang/Object;)Ljava/lang/Object; (104 bytes) @ 0x00007f7419516a54 [0x00007f7419515880+0x11d4]
J 6270 C2 java.lang.reflect.Method.invoke(Ljava/lang/Object;[Ljava/lang/Object;)Ljava/lang/Object; (62 bytes) @ 0x00007f7419adcf94 [0x00007f7419adcee0+0xb4]
j  org.springframework.boot.devtools.restart.RestartLauncher.run()V+41
v  ~StubRoutines::call_stub

---------------  P R O C E S S  ---------------

Java Threads: ( => current thread )
=>0x00007f73b0004800 JavaThread "restartedMain" [_thread_in_native, id=4641, stack(0x00007f73a33f4000,0x00007f73a34f5000)]
  0x00007f7394003000 JavaThread "Thread-11" [_thread_blocked, id=4636, stack(0x00007f73f0da5000,0x00007f73f0ea6000)]
  0x00007f73c4280000 JavaThread "http-nio-20124-AsyncTimeout" daemon [_thread_blocked, id=4536, stack(0x00007f73f2fb7000,0x00007f73f30b8000)]
  0x00007f7428011000 JavaThread "DestroyJavaVM" [_thread_blocked, id=4321, stack(0x00007f7431b08000,0x00007f7431c09000)]
  0x00007f73cd52e000 JavaThread "Live Reload Server" daemon [_thread_in_native, id=4355, stack(0x00007f73c81fd000,0x00007f73c82fe000)]
  0x00007f73ccbfd000 JavaThread "Abandoned connection cleanup thread" daemon [_thread_blocked, id=4347, stack(0x00007f73f0ba3000,0x00007f73f0ca4000)]
  0x00007f74280c8800 JavaThread "Service Thread" daemon [_thread_blocked, id=4334, stack(0x00007f74100ca000,0x00007f74101cb000)]
  0x00007f74280c5800 JavaThread "C1 CompilerThread2" daemon [_thread_blocked, id=4333, stack(0x00007f74101cb000,0x00007f74102cc000)]
  0x00007f74280c3800 JavaThread "C2 CompilerThread1" daemon [_thread_in_vm, id=4332, stack(0x00007f74102cc000,0x00007f74103cd000)]
  0x00007f74280c0800 JavaThread "C2 CompilerThread0" daemon [_thread_blocked, id=4331, stack(0x00007f74103cd000,0x00007f74104ce000)]
  0x00007f74280bf000 JavaThread "Signal Dispatcher" daemon [_thread_blocked, id=4330, stack(0x00007f74104ce000,0x00007f74105cf000)]
  0x00007f742808b000 JavaThread "Finalizer" daemon [_thread_blocked, id=4329, stack(0x00007f74105cf000,0x00007f74106d0000)]
  0x00007f7428088800 JavaThread "Reference Handler" daemon [_thread_blocked, id=4328, stack(0x00007f74106d0000,0x00007f74107d1000)]

Other Threads:
  0x00007f742807f000 VMThread [stack: 0x00007f74107d1000,0x00007f74108d2000] [id=4327]
  0x00007f74280cd800 WatcherThread [stack: 0x00007f73f33c2000,0x00007f73f34c3000] [id=4335]

VM state:not at safepoint (normal execution)

VM Mutex/Monitor currently owned by a thread: None

Heap:
 PSYoungGen      total 356352K, used 7951K [0x000000076cf00000, 0x0000000784b00000, 0x00000007c0000000)
  eden space 348160K, 2% used [0x000000076cf00000,0x000000076d6c3f28,0x0000000782300000)
  from space 8192K, 0% used [0x0000000782300000,0x0000000782300000,0x0000000782b00000)
  to   space 20480K, 0% used [0x0000000783700000,0x0000000783700000,0x0000000784b00000)
 ParOldGen       total 211968K, used 36703K [0x00000006c6c00000, 0x00000006d3b00000, 0x000000076cf00000)
  object space 211968K, 17% used [0x00000006c6c00000,0x00000006c8fd7f88,0x00000006d3b00000)
 Metaspace       used 64345K, capacity 67028K, committed 67352K, reserved 1107968K
  class space    used 8440K, capacity 8914K, committed 9008K, reserved 1048576K

Card table byte_map: [0x00007f742e0cd000,0x00007f742e898000] byte_map_base: 0x00007f742aa97000

Marking Bits: (ParMarkBitMap*) 0x00007f7430fd40a0
 Begin Bits: [0x00007f7411360000, 0x00007f74151b0000)
 End Bits:   [0x00007f74151b0000, 0x00007f7419000000)

Polling page: 0x00007f7431c26000

CodeCache: size=245760Kb used=21248Kb max_used=21248Kb free=224511Kb
 bounds [0x00007f7419000000, 0x00007f741a4e0000, 0x00007f7428000000]
 total_blobs=6959 nmethods=6374 adapters=495
 compilation: enabled

Compilation events (10 events):
Event: 144,148 Thread 0x00007f74280c5800 nmethod 7575 0x00007f741a4da8d0 code [0x00007f741a4daa20, 0x00007f741a4dab50]
Event: 144,150 Thread 0x00007f74280c5800 7577       3       java.lang.ClassLoader$2::hasMoreElements (10 bytes)
Event: 144,151 Thread 0x00007f74280c5800 nmethod 7577 0x00007f741a4da490 code [0x00007f741a4da600, 0x00007f741a4da828]
Event: 144,151 Thread 0x00007f74280c5800 7578       3       sun.misc.URLClassPath$2::hasMoreElements (5 bytes)
Event: 144,151 Thread 0x00007f74280c5800 nmethod 7578 0x00007f741a4da0d0 code [0x00007f741a4da240, 0x00007f741a4da3c8]
Event: 144,152 Thread 0x00007f74280c3800 7579       4       java.util.EnumSet::of (51 bytes)
Event: 144,153 Thread 0x00007f74280c5800 7580       3       org.springframework.context.event.GenericApplicationListenerAdapter::resolveDeclaredEventType (41 bytes)
Event: 144,154 Thread 0x00007f74280c0800 7581       4       java.lang.reflect.Constructor::<init> (50 bytes)
Event: 144,154 Thread 0x00007f74280c5800 nmethod 7580 0x00007f741a4d1910 code [0x00007f741a4d1b80, 0x00007f741a4d2b18]
Event: 144,154 Thread 0x00007f74280c0800 nmethod 7581 0x00007f741978c210 code [0x00007f741978c360, 0x00007f741978c418]

GC Heap History (10 events):
Event: 72,016 GC heap before
{Heap before GC invocations=14 (full 3):
 PSYoungGen      total 292864K, used 219162K [0x000000076cf00000, 0x0000000781800000, 0x00000007c0000000)
  eden space 270848K, 80% used [0x000000076cf00000,0x000000077a506be0,0x000000077d780000)
  from space 22016K, 0% used [0x000000077ed80000,0x000000077ed80000,0x0000000780300000)
  to   space 22528K, 0% used [0x000000077d780000,0x000000077d780000,0x000000077ed80000)
 ParOldGen       total 211968K, used 32028K [0x00000006c6c00000, 0x00000006d3b00000, 0x000000076cf00000)
  object space 211968K, 15% used [0x00000006c6c00000,0x00000006c8b47330,0x00000006d3b00000)
 Metaspace       used 62809K, capacity 65308K, committed 65432K, reserved 1105920K
  class space    used 8358K, capacity 8794K, committed 8880K, reserved 1048576K
Event: 72,026 GC heap after
Heap after GC invocations=14 (full 3):
 PSYoungGen      total 293376K, used 11911K [0x000000076cf00000, 0x0000000785580000, 0x00000007c0000000)
  eden space 270848K, 0% used [0x000000076cf00000,0x000000076cf00000,0x000000077d780000)
  from space 22528K, 52% used [0x000000077d780000,0x000000077e321eb0,0x000000077ed80000)
  to   space 21504K, 0% used [0x0000000784080000,0x0000000784080000,0x0000000785580000)
 ParOldGen       total 211968K, used 32036K [0x00000006c6c00000, 0x00000006d3b00000, 0x000000076cf00000)
  object space 211968K, 15% used [0x00000006c6c00000,0x00000006c8b49330,0x00000006d3b00000)
 Metaspace       used 62809K, capacity 65308K, committed 65432K, reserved 1105920K
  class space    used 8358K, capacity 8794K, committed 8880K, reserved 1048576K
}
Event: 72,027 GC heap before
{Heap before GC invocations=15 (full 4):
 PSYoungGen      total 293376K, used 11911K [0x000000076cf00000, 0x0000000785580000, 0x00000007c0000000)
  eden space 270848K, 0% used [0x000000076cf00000,0x000000076cf00000,0x000000077d780000)
  from space 22528K, 52% used [0x000000077d780000,0x000000077e321eb0,0x000000077ed80000)
  to   space 21504K, 0% used [0x0000000784080000,0x0000000784080000,0x0000000785580000)
 ParOldGen       total 211968K, used 32036K [0x00000006c6c00000, 0x00000006d3b00000, 0x000000076cf00000)
  object space 211968K, 15% used [0x00000006c6c00000,0x00000006c8b49330,0x00000006d3b00000)
 Metaspace       used 62809K, capacity 65308K, committed 65432K, reserved 1105920K
  class space    used 8358K, capacity 8794K, committed 8880K, reserved 1048576K
Event: 72,185 GC heap after
Heap after GC invocations=15 (full 4):
 PSYoungGen      total 293376K, used 0K [0x000000076cf00000, 0x0000000785580000, 0x00000007c0000000)
  eden space 270848K, 0% used [0x000000076cf00000,0x000000076cf00000,0x000000077d780000)
  from space 22528K, 0% used [0x000000077d780000,0x000000077d780000,0x000000077ed80000)
  to   space 21504K, 0% used [0x0000000784080000,0x0000000784080000,0x0000000785580000)
 ParOldGen       total 211968K, used 38960K [0x00000006c6c00000, 0x00000006d3b00000, 0x000000076cf00000)
  object space 211968K, 18% used [0x00000006c6c00000,0x00000006c920c2b0,0x00000006d3b00000)
 Metaspace       used 62809K, capacity 65308K, committed 65432K, reserved 1105920K
  class space    used 8358K, capacity 8794K, committed 8880K, reserved 1048576K
}
Event: 73,370 GC heap before
{Heap before GC invocations=16 (full 4):
 PSYoungGen      total 293376K, used 270848K [0x000000076cf00000, 0x0000000785580000, 0x00000007c0000000)
  eden space 270848K, 100% used [0x000000076cf00000,0x000000077d780000,0x000000077d780000)
  from space 22528K, 0% used [0x000000077d780000,0x000000077d780000,0x000000077ed80000)
  to   space 21504K, 0% used [0x0000000784080000,0x0000000784080000,0x0000000785580000)
 ParOldGen       total 211968K, used 38960K [0x00000006c6c00000, 0x00000006d3b00000, 0x000000076cf00000)
  object space 211968K, 18% used [0x00000006c6c00000,0x00000006c920c2b0,0x00000006d3b00000)
 Metaspace       used 64168K, capacity 66820K, committed 67096K, reserved 1107968K
  class space    used 8436K, capacity 8910K, committed 9008K, reserved 1048576K
Event: 73,383 GC heap after
Heap after GC invocations=16 (full 4):
 PSYoungGen      total 359936K, used 10830K [0x000000076cf00000, 0x0000000784c00000, 0x00000007c0000000)
  eden space 348160K, 0% used [0x000000076cf00000,0x000000076cf00000,0x0000000782300000)
  from space 11776K, 91% used [0x0000000784080000,0x0000000784b13ac0,0x0000000784c00000)
  to   space 20992K, 0% used [0x0000000782300000,0x0000000782300000,0x0000000783780000)
 ParOldGen       total 211968K, used 38968K [0x00000006c6c00000, 0x00000006d3b00000, 0x000000076cf00000)
  object space 211968K, 18% used [0x00000006c6c00000,0x00000006c920e2b0,0x00000006d3b00000)
 Metaspace       used 64168K, capacity 66820K, committed 67096K, reserved 1107968K
  class space    used 8436K, capacity 8910K, committed 9008K, reserved 1048576K
}
Event: 144,007 GC heap before
{Heap before GC invocations=17 (full 4):
 PSYoungGen      total 359936K, used 63089K [0x000000076cf00000, 0x0000000784c00000, 0x00000007c0000000)
  eden space 348160K, 15% used [0x000000076cf00000,0x0000000770208bc8,0x0000000782300000)
  from space 11776K, 91% used [0x0000000784080000,0x0000000784b13ac0,0x0000000784c00000)
  to   space 20992K, 0% used [0x0000000782300000,0x0000000782300000,0x0000000783780000)
 ParOldGen       total 211968K, used 38968K [0x00000006c6c00000, 0x00000006d3b00000, 0x000000076cf00000)
  object space 211968K, 18% used [0x00000006c6c00000,0x00000006c920e2b0,0x00000006d3b00000)
 Metaspace       used 64353K, capacity 67046K, committed 67352K, reserved 1107968K
  class space    used 8441K, capacity 8916K, committed 9008K, reserved 1048576K
Event: 144,012 GC heap after
Heap after GC invocations=17 (full 4):
 PSYoungGen      total 356352K, used 7680K [0x000000076cf00000, 0x0000000784b00000, 0x00000007c0000000)
  eden space 348160K, 0% used [0x000000076cf00000,0x000000076cf00000,0x0000000782300000)
  from space 8192K, 93% used [0x0000000782300000,0x0000000782a800c0,0x0000000782b00000)
  to   space 20480K, 0% used [0x0000000783700000,0x0000000783700000,0x0000000784b00000)
 ParOldGen       total 211968K, used 38976K [0x00000006c6c00000, 0x00000006d3b00000, 0x000000076cf00000)
  object space 211968K, 18% used [0x00000006c6c00000,0x00000006c92102b0,0x00000006d3b00000)
 Metaspace       used 64353K, capacity 67046K, committed 67352K, reserved 1107968K
  class space    used 8441K, capacity 8916K, committed 9008K, reserved 1048576K
}
Event: 144,012 GC heap before
{Heap before GC invocations=18 (full 5):
 PSYoungGen      total 356352K, used 7680K [0x000000076cf00000, 0x0000000784b00000, 0x00000007c0000000)
  eden space 348160K, 0% used [0x000000076cf00000,0x000000076cf00000,0x0000000782300000)
  from space 8192K, 93% used [0x0000000782300000,0x0000000782a800c0,0x0000000782b00000)
  to   space 20480K, 0% used [0x0000000783700000,0x0000000783700000,0x0000000784b00000)
 ParOldGen       total 211968K, used 38976K [0x00000006c6c00000, 0x00000006d3b00000, 0x000000076cf00000)
  object space 211968K, 18% used [0x00000006c6c00000,0x00000006c92102b0,0x00000006d3b00000)
 Metaspace       used 64353K, capacity 67046K, committed 67352K, reserved 1107968K
  class space    used 8441K, capacity 8916K, committed 9008K, reserved 1048576K
Event: 144,147 GC heap after
Heap after GC invocations=18 (full 5):
 PSYoungGen      total 356352K, used 0K [0x000000076cf00000, 0x0000000784b00000, 0x00000007c0000000)
  eden space 348160K, 0% used [0x000000076cf00000,0x000000076cf00000,0x0000000782300000)
  from space 8192K, 0% used [0x0000000782300000,0x0000000782300000,0x0000000782b00000)
  to   space 20480K, 0% used [0x0000000783700000,0x0000000783700000,0x0000000784b00000)
 ParOldGen       total 211968K, used 36703K [0x00000006c6c00000, 0x00000006d3b00000, 0x000000076cf00000)
  object space 211968K, 17% used [0x00000006c6c00000,0x00000006c8fd7f88,0x00000006d3b00000)
 Metaspace       used 64338K, capacity 67022K, committed 67352K, reserved 1107968K
  class space    used 8438K, capacity 8912K, committed 9008K, reserved 1048576K
}

Deoptimization events (10 events):
Event: 72,202 Thread 0x00007f73d019a000 Uncommon trap: reason=unstable_if action=reinterpret pc=0x00007f741994e078 method=java.lang.ClassLoader.getPackage(Ljava/lang/String;)Ljava/lang/Package; @ 60
Event: 72,282 Thread 0x00007f73d019a000 Uncommon trap: reason=unstable_if action=reinterpret pc=0x00007f7419d725ec method=java.util.Properties.load0(Ljava/util/Properties$LineReader;)V @ 145
Event: 72,282 Thread 0x00007f73d019a000 Uncommon trap: reason=unstable_if action=reinterpret pc=0x00007f7419d17c08 method=java.util.Properties.load0(Ljava/util/Properties$LineReader;)V @ 145
Event: 72,744 Thread 0x00007f73d019a000 Uncommon trap: reason=unstable_if action=reinterpret pc=0x00007f7419b81ae8 method=sun.nio.cs.UTF_8$Decoder.decodeArrayLoop(Ljava/nio/ByteBuffer;Ljava/nio/CharBuffer;)Ljava/nio/charset/CoderResult; @ 128
Event: 73,049 Thread 0x00007f73d019a000 Uncommon trap: reason=unstable_if action=reinterpret pc=0x00007f7419fb7190 method=java.lang.Class.privateGetMethodRecursive(Ljava/lang/String;[Ljava/lang/Class;ZLjava/lang/Class$MethodArray;)Ljava/lang/reflect/Method; @ 28
Event: 73,433 Thread 0x00007f73d019a000 Uncommon trap: reason=class_check action=maybe_recompile pc=0x00007f741a33c640 method=org.springframework.util.ConcurrentReferenceHashMap$ReferenceManager.pollForPurge()Lorg/springframework/util/ConcurrentReferenceHashMap$Reference; @ 7
Event: 73,433 Thread 0x00007f73d019a000 Uncommon trap: reason=class_check action=maybe_recompile pc=0x00007f741a33c640 method=org.springframework.util.ConcurrentReferenceHashMap$ReferenceManager.pollForPurge()Lorg/springframework/util/ConcurrentReferenceHashMap$Reference; @ 7
Event: 73,433 Thread 0x00007f73d019a000 Uncommon trap: reason=class_check action=maybe_recompile pc=0x00007f741a33c640 method=org.springframework.util.ConcurrentReferenceHashMap$ReferenceManager.pollForPurge()Lorg/springframework/util/ConcurrentReferenceHashMap$Reference; @ 7
Event: 73,433 Thread 0x00007f73d019a000 Uncommon trap: reason=class_check action=maybe_recompile pc=0x00007f741a33c640 method=org.springframework.util.ConcurrentReferenceHashMap$ReferenceManager.pollForPurge()Lorg/springframework/util/ConcurrentReferenceHashMap$Reference; @ 7
Event: 143,958 Thread 0x00007f73c4222800 Uncommon trap: reason=unstable_if action=reinterpret pc=0x00007f741a4b3be0 method=org.springframework.boot.devtools.filewatch.FileSnapshot.equals(Ljava/lang/Object;)Z @ 93

Classes redefined (0 events):
No events

Internal exceptions (10 events):
Event: 81,230 Thread 0x00007f73c4227000 Exception <a 'java/lang/ArrayIndexOutOfBoundsException': -1> (0x000000076e5161b0) thrown at [/HUDSON/workspace/8-2-build-linux-amd64/jdk8u181/11358/hotspot/src/share/vm/interpreter/interpreterRuntime.cpp, line 366]
Event: 81,230 Thread 0x00007f73c4227000 Exception <a 'java/lang/ArrayIndexOutOfBoundsException': -1> (0x000000076e5163e8) thrown at [/HUDSON/workspace/8-2-build-linux-amd64/jdk8u181/11358/hotspot/src/share/vm/interpreter/interpreterRuntime.cpp, line 366]
Event: 81,384 Thread 0x00007f73c4228000 Exception <a 'java/lang/ArrayIndexOutOfBoundsException': -1> (0x000000076e60ed10) thrown at [/HUDSON/workspace/8-2-build-linux-amd64/jdk8u181/11358/hotspot/src/share/vm/interpreter/interpreterRuntime.cpp, line 366]
Event: 81,384 Thread 0x00007f73c4228000 Exception <a 'java/lang/ArrayIndexOutOfBoundsException': -1> (0x000000076e60ef48) thrown at [/HUDSON/workspace/8-2-build-linux-amd64/jdk8u181/11358/hotspot/src/share/vm/interpreter/interpreterRuntime.cpp, line 366]
Event: 85,987 Thread 0x00007f73c422d000 Exception <a 'java/lang/ArrayIndexOutOfBoundsException': -1> (0x000000076e7b5f60) thrown at [/HUDSON/workspace/8-2-build-linux-amd64/jdk8u181/11358/hotspot/src/share/vm/interpreter/interpreterRuntime.cpp, line 366]
Event: 85,987 Thread 0x00007f73c422d000 Exception <a 'java/lang/ArrayIndexOutOfBoundsException': -1> (0x000000076e7b6198) thrown at [/HUDSON/workspace/8-2-build-linux-amd64/jdk8u181/11358/hotspot/src/share/vm/interpreter/interpreterRuntime.cpp, line 366]
Event: 143,991 Thread 0x00007f73c415a000 Exception <a 'java/lang/InterruptedException': sleep interrupted> (0x000000076e7082d0) thrown at [/HUDSON/workspace/8-2-build-linux-amd64/jdk8u181/11358/hotspot/src/share/vm/prims/jvm.cpp, line 3273]
Event: 144,007 Thread 0x00007f73c415b000 Exception <a 'java/lang/InterruptedException': sleep interrupted> (0x00000007700ac978) thrown at [/HUDSON/workspace/8-2-build-linux-amd64/jdk8u181/11358/hotspot/src/share/vm/prims/jvm.cpp, line 3273]
Event: 144,151 Thread 0x00007f73b0004800 Exception <a 'java/lang/NoClassDefFoundError': org/apache/log4j/Priority> (0x000000076d40a3c0) thrown at [/HUDSON/workspace/8-2-build-linux-amd64/jdk8u181/11358/hotspot/src/share/vm/classfile/systemDictionary.cpp, line 199]
Event: 144,153 Thread 0x00007f73b0004800 Exception <a 'java/io/FileNotFoundException'> (0x000000076d5774d0) thrown at [/HUDSON/workspace/8-2-build-linux-amd64/jdk8u181/11358/hotspot/src/share/vm/prims/jni.cpp, line 709]

Events (10 events):
Event: 144,153 loading class org/zeroturnaround/javarebel$ReloaderFactory
Event: 144,153 loading class org/zeroturnaround/javarebel$ReloaderFactory done
Event: 144,153 loading class org/hotswap/agent/HotswapAgent
Event: 144,153 loading class org/hotswap/agent/HotswapAgent done
Event: 144,153 loading class org/hotswap/agent$HotswapAgent
Event: 144,153 loading class org/hotswap/agent$HotswapAgent done
Event: 144,153 loading class liquibase/servicelocator/CustomResolverServiceLocator
Event: 144,153 loading class liquibase/servicelocator/CustomResolverServiceLocator done
Event: 144,153 loading class liquibase/servicelocator$CustomResolverServiceLocator
Event: 144,153 loading class liquibase/servicelocator$CustomResolverServiceLocator done


Dynamic libraries:
00400000-00401000 r-xp 00000000 08:05 4603791                            /home/nghiapt/programs/jdk1.8/bin/java
00600000-00601000 rw-p 00000000 08:05 4603791                            /home/nghiapt/programs/jdk1.8/bin/java
00abe000-00adf000 rw-p 00000000 00:00 0                                  [heap]
6c6c00000-6d3b00000 rw-p 00000000 00:00 0 
6d3b00000-76cf00000 ---p 00000000 00:00 0 
76cf00000-784b00000 rw-p 00000000 00:00 0 
784b00000-7c0000000 ---p 00000000 00:00 0 
7c0000000-7c08cc000 rw-p 00000000 00:00 0 
7c08cc000-800000000 ---p 00000000 00:00 0 
7f7388000000-7f7388021000 rw-p 00000000 00:00 0 
7f7388021000-7f738c000000 ---p 00000000 00:00 0 
7f7390000000-7f7390021000 rw-p 00000000 00:00 0 
7f7390021000-7f7394000000 ---p 00000000 00:00 0 
7f7394000000-7f7394296000 rw-p 00000000 00:00 0 
7f7394296000-7f7398000000 ---p 00000000 00:00 0 
7f7398000000-7f73981ef000 rw-p 00000000 00:00 0 
7f73981ef000-7f739c000000 ---p 00000000 00:00 0 
7f739c000000-7f739c88f000 rw-p 00000000 00:00 0 
7f739c88f000-7f73a0000000 ---p 00000000 00:00 0 
7f73a2cf3000-7f73a2df3000 rw-p 00000000 00:00 0 
7f73a2df3000-7f73a2ef3000 ---p 00000000 00:00 0 
7f73a2ef3000-7f73a30f3000 rw-p 00000000 00:00 0 
7f73a30f3000-7f73a32f3000 rw-p 00000000 00:00 0 
7f73a32f3000-7f73a32f6000 ---p 00000000 00:00 0 
7f73a32f6000-7f73a33f4000 rw-p 00000000 00:00 0 
7f73a33f4000-7f73a33f7000 ---p 00000000 00:00 0 
7f73a33f7000-7f73a34f5000 rw-p 00000000 00:00 0 
7f73a34f5000-7f73a34f8000 ---p 00000000 00:00 0 
7f73a34f8000-7f73a35f6000 rw-p 00000000 00:00 0 
7f73a35f6000-7f73a35f9000 ---p 00000000 00:00 0 
7f73a35f9000-7f73a36f7000 rw-p 00000000 00:00 0 
7f73a36f7000-7f73a36fa000 ---p 00000000 00:00 0 
7f73a36fa000-7f73a37f8000 rw-p 00000000 00:00 0 
7f73a37f8000-7f73a37fb000 ---p 00000000 00:00 0 
7f73a37fb000-7f73a38f9000 rw-p 00000000 00:00 0 
7f73a38f9000-7f73a38fc000 ---p 00000000 00:00 0 
7f73a38fc000-7f73a39fa000 rw-p 00000000 00:00 0 
7f73a39fa000-7f73a39fd000 ---p 00000000 00:00 0 
7f73a39fd000-7f73a3afb000 rw-p 00000000 00:00 0 
7f73a3afb000-7f73a3afe000 ---p 00000000 00:00 0 
7f73a3afe000-7f73a3bfc000 rw-p 00000000 00:00 0 
7f73a3bfc000-7f73a3bff000 ---p 00000000 00:00 0 
7f73a3bff000-7f73a3cfd000 rw-p 00000000 00:00 0 
7f73a3cfd000-7f73a3d00000 ---p 00000000 00:00 0 
7f73a3d00000-7f73a3dfe000 rw-p 00000000 00:00 0 
7f73a3dfe000-7f73a3e01000 ---p 00000000 00:00 0 
7f73a3e01000-7f73a3eff000 rw-p 00000000 00:00 0 
7f73a3eff000-7f73a3f02000 ---p 00000000 00:00 0 
7f73a3f02000-7f73a4000000 rw-p 00000000 00:00 0 
7f73a4000000-7f73a4021000 rw-p 00000000 00:00 0 
7f73a4021000-7f73a8000000 ---p 00000000 00:00 0 
7f73a8000000-7f73a8021000 rw-p 00000000 00:00 0 
7f73a8021000-7f73ac000000 ---p 00000000 00:00 0 
7f73ac000000-7f73ac021000 rw-p 00000000 00:00 0 
7f73ac021000-7f73b0000000 ---p 00000000 00:00 0 
7f73b0000000-7f73b0021000 rw-p 00000000 00:00 0 
7f73b0021000-7f73b4000000 ---p 00000000 00:00 0 
7f73b4000000-7f73b4021000 rw-p 00000000 00:00 0 
7f73b4021000-7f73b8000000 ---p 00000000 00:00 0 
7f73b8000000-7f73b8021000 rw-p 00000000 00:00 0 
7f73b8021000-7f73bc000000 ---p 00000000 00:00 0 
7f73bc000000-7f73bc021000 rw-p 00000000 00:00 0 
7f73bc021000-7f73c0000000 ---p 00000000 00:00 0 
7f73c0000000-7f73c0021000 rw-p 00000000 00:00 0 
7f73c0021000-7f73c4000000 ---p 00000000 00:00 0 
7f73c4000000-7f73c428b000 rw-p 00000000 00:00 0 
7f73c428b000-7f73c8000000 ---p 00000000 00:00 0 
7f73c80fc000-7f73c80ff000 ---p 00000000 00:00 0 
7f73c80ff000-7f73c81fd000 rw-p 00000000 00:00 0 
7f73c81fd000-7f73c8200000 ---p 00000000 00:00 0 
7f73c8200000-7f73c82fe000 rw-p 00000000 00:00 0 
7f73c82fe000-7f73c8301000 ---p 00000000 00:00 0 
7f73c8301000-7f73c85ff000 rw-p 00000000 00:00 0 
7f73c85ff000-7f73c87fb000 rw-p 00000000 00:00 0 
7f73c87fb000-7f73c87ff000 ---p 00000000 00:00 0 
7f73c87ff000-7f73c89ff000 rw-p 00000000 00:00 0 
7f73c89ff000-7f73c8bff000 rw-p 00000000 00:00 0 
7f73c8bff000-7f73c8dff000 rw-p 00000000 00:00 0 
7f73c8dff000-7f73c8fff000 rw-p 00000000 00:00 0 
7f73c8fff000-7f73cc000000 rw-p 00000000 00:00 0 
7f73cc000000-7f73cd82f000 rw-p 00000000 00:00 0 
7f73cd82f000-7f73d0000000 ---p 00000000 00:00 0 
7f73d0000000-7f73d03b3000 rw-p 00000000 00:00 0 
7f73d03b3000-7f73d4000000 ---p 00000000 00:00 0 
7f73d4000000-7f73d4021000 rw-p 00000000 00:00 0 
7f73d4021000-7f73d8000000 ---p 00000000 00:00 0 
7f73d8000000-7f73d8021000 rw-p 00000000 00:00 0 
7f73d8021000-7f73dc000000 ---p 00000000 00:00 0 
7f73dc000000-7f73dd37f000 rw-p 00000000 00:00 0 
7f73dd37f000-7f73e0000000 ---p 00000000 00:00 0 
7f73e0000000-7f73e0021000 rw-p 00000000 00:00 0 
7f73e0021000-7f73e4000000 ---p 00000000 00:00 0 
7f73e4000000-7f73e6134000 rw-p 00000000 00:00 0 
7f73e6134000-7f73e8000000 ---p 00000000 00:00 0 
7f73e8000000-7f73ea70f000 rw-p 00000000 00:00 0 
7f73ea70f000-7f73ec000000 ---p 00000000 00:00 0 
7f73ec000000-7f73ec021000 rw-p 00000000 00:00 0 
7f73ec021000-7f73f0000000 ---p 00000000 00:00 0 
7f73f00a0000-7f73f00a3000 ---p 00000000 00:00 0 
7f73f00a3000-7f73f03a1000 rw-p 00000000 00:00 0 
7f73f03a1000-7f73f05a1000 rw-p 00000000 00:00 0 
7f73f05a1000-7f73f05a4000 ---p 00000000 00:00 0 
7f73f05a4000-7f73f08a2000 rw-p 00000000 00:00 0 
7f73f08a2000-7f73f08a5000 ---p 00000000 00:00 0 
7f73f08a5000-7f73f0ba3000 rw-p 00000000 00:00 0 
7f73f0ba3000-7f73f0ba6000 ---p 00000000 00:00 0 
7f73f0ba6000-7f73f0ca4000 rw-p 00000000 00:00 0 
7f73f0ca4000-7f73f0ca7000 ---p 00000000 00:00 0 
7f73f0ca7000-7f73f0da5000 rw-p 00000000 00:00 0 
7f73f0da5000-7f73f0da8000 ---p 00000000 00:00 0 
7f73f0da8000-7f73f10a6000 rw-p 00000000 00:00 0 
7f73f10a6000-7f73f12a4000 rw-p 00000000 00:00 0 
7f73f12a4000-7f73f12a6000 ---p 00000000 00:00 0 
7f73f12a6000-7f73f14a6000 rw-p 00000000 00:00 0 
7f73f14d2000-7f73f14e5000 r--s 00345000 08:05 4732552                    /home/nghiapt/programs/jdk1.8/jre/lib/resources.jar
7f73f14e5000-7f73f14ea000 r--s 002f9000 08:05 4732546                    /home/nghiapt/programs/jdk1.8/jre/lib/charsets.jar
7f73f14ea000-7f73f14ef000 r--s 0009d000 08:05 4732553                    /home/nghiapt/programs/jdk1.8/jre/lib/jsse.jar
7f73f14ef000-7f73f16ef000 rw-p 00000000 00:00 0 
7f73f16ef000-7f73f18ef000 rw-p 00000000 00:00 0 
7f73f18ef000-7f73f1aef000 rw-p 00000000 00:00 0 
7f73f1aef000-7f73f1af2000 ---p 00000000 00:00 0 
7f73f1af2000-7f73f1df0000 rw-p 00000000 00:00 0 
7f73f1df0000-7f73f1e01000 r-xp 00000000 08:05 408280                     /home/nghiapt/programs/jdk1.8/jre/lib/amd64/libnio.so
7f73f1e01000-7f73f2000000 ---p 00011000 08:05 408280                     /home/nghiapt/programs/jdk1.8/jre/lib/amd64/libnio.so
7f73f2000000-7f73f2001000 rw-p 00010000 08:05 408280                     /home/nghiapt/programs/jdk1.8/jre/lib/amd64/libnio.so
7f73f2001000-7f73f2201000 rw-p 00000000 00:00 0 
7f73f2201000-7f73f2401000 rw-p 00000000 00:00 0 
7f73f2401000-7f73f2601000 rw-p 00000000 00:00 0 
7f73f2601000-7f73f2617000 r-xp 00000000 08:05 408277                     /home/nghiapt/programs/jdk1.8/jre/lib/amd64/libnet.so
7f73f2617000-7f73f2817000 ---p 00016000 08:05 408277                     /home/nghiapt/programs/jdk1.8/jre/lib/amd64/libnet.so
7f73f2817000-7f73f2818000 rw-p 00016000 08:05 408277                     /home/nghiapt/programs/jdk1.8/jre/lib/amd64/libnet.so
7f73f2818000-7f73f2821000 r-xp 00000000 08:05 408285                     /home/nghiapt/programs/jdk1.8/jre/lib/amd64/libmanagement.so
7f73f2821000-7f73f2a20000 ---p 00009000 08:05 408285                     /home/nghiapt/programs/jdk1.8/jre/lib/amd64/libmanagement.so
7f73f2a20000-7f73f2a21000 rw-p 00008000 08:05 408285                     /home/nghiapt/programs/jdk1.8/jre/lib/amd64/libmanagement.so
7f73f2a21000-7f73f2ab6000 r--s 0110e000 08:05 4732517                    /home/nghiapt/programs/jdk1.8/jre/lib/ext/jfxrt.jar
7f73f2ab6000-7f73f2cb6000 rw-p 00000000 00:00 0 
7f73f2cb6000-7f73f2eb6000 rw-p 00000000 00:00 0 
7f73f2eb6000-7f73f2eb9000 ---p 00000000 00:00 0 
7f73f2eb9000-7f73f2fb7000 rw-p 00000000 00:00 0 
7f73f2fb7000-7f73f2fba000 ---p 00000000 00:00 0 
7f73f2fba000-7f73f30b8000 rw-p 00000000 00:00 0 
7f73f30b8000-7f73f30bb000 ---p 00000000 00:00 0 
7f73f30bb000-7f73f31b9000 rw-p 00000000 00:00 0 
7f73f31b9000-7f73f31bd000 r--s 0004c000 08:05 2626402                    /home/nghiapt/.gradle/caches/modules-2/files-2.1/com.fasterxml.jackson.core/jackson-core/2.9.7/4b7f0e0dc527fab032e9800ed231080fdc3ac015/jackson-core-2.9.7.jar
7f73f31bd000-7f73f31c0000 r--s 0000e000 08:05 2626401                    /home/nghiapt/.gradle/caches/modules-2/files-2.1/com.fasterxml.jackson.core/jackson-annotations/2.9.0/7c10d545325e3a6e72e06381afe469fd40eb701/jackson-annotations-2.9.0.jar
7f73f31c0000-7f73f31c6000 r--s 00039000 08:05 2626408                    /home/nghiapt/.gradle/caches/modules-2/files-2.1/org.apache.logging.log4j/log4j-api/2.10.0/fec5797a55b786184a537abd39c3fa1449d752d6/log4j-api-2.10.0.jar
7f73f31c6000-7f73f31d1000 r--s 00069000 08:05 2626407                    /home/nghiapt/.gradle/caches/modules-2/files-2.1/ch.qos.logback/logback-core/1.2.3/864344400c3d4d92dfeb0a305dc87d953677c03c/logback-core-1.2.3.jar
7f73f31d1000-7f73f31d6000 r--s 00038000 08:05 2626395                    /home/nghiapt/.gradle/caches/modules-2/files-2.1/org.apache.tomcat.embed/tomcat-embed-el/8.5.34/be71a9a5bdd001db7cf97c47429eec0bdd3b7b88/tomcat-embed-el-8.5.34.jar
7f73f31d6000-7f73f3200000 r--s 002d5000 08:05 2626394                    /home/nghiapt/.gradle/caches/modules-2/files-2.1/org.apache.tomcat.embed/tomcat-embed-core/8.5.34/a038040d68a90397f95dd1e11b979fe364a5000f/tomcat-embed-core-8.5.34.jar
7f73f3200000-7f73f3205000 r--s 0003a000 08:05 2626393                    /home/nghiapt/.gradle/caches/modules-2/files-2.1/org.apache.tomcat.embed/tomcat-embed-websocket/8.5.34/5f86906367c2540b21e6aeecc277d2ce9ec939b0/tomcat-embed-websocket-8.5.34.jar
7f73f3205000-7f73f3218000 r--s 00137000 08:05 2626392                    /home/nghiapt/.gradle/caches/modules-2/files-2.1/com.fasterxml.jackson.core/jackson-databind/2.9.7/e6faad47abd3179666e89068485a1b88a195ceb7/jackson-databind-2.9.7.jar
7f73f3218000-7f73f321a000 r--s 00001000 08:05 2626391                    /home/nghiapt/.gradle/caches/modules-2/files-2.1/com.fasterxml.jackson.module/jackson-module-parameter-names/2.9.7/f2bdd7696beffa2dbc5dc62cd24c3906a40ffcff/jackson-module-parameter-names-2.9.7.jar
7f73f321a000-7f73f321d000 r--s 00016000 08:05 2626390                    /home/nghiapt/.gradle/caches/modules-2/files-2.1/com.fasterxml.jackson.datatype/jackson-datatype-jsr310/2.9.7/cbd919f1ce67533e07b98dd493247e8dbabc26b2/jackson-datatype-jsr310-2.9.7.jar
7f73f321d000-7f73f321f000 r--s 00007000 08:05 2626388                    /home/nghiapt/.gradle/caches/modules-2/files-2.1/com.fasterxml.jackson.datatype/jackson-datatype-jdk8/2.9.7/98d8f190db07f97c64c0ea3af5792f718a6c2cc1/jackson-datatype-jdk8-2.9.7.jar
7f73f321f000-7f73f3222000 r--s 00028000 08:05 2626404                    /home/nghiapt/.gradle/caches/modules-2/files-2.1/org.unbescape/unbescape/1.1.6.RELEASE/7b90360afb2b860e09e8347112800d12c12b2a13/unbescape-1.1.6.RELEASE.jar
7f73f3222000-7f73f3227000 r--s 00037000 08:05 2626403                    /home/nghiapt/.gradle/caches/modules-2/files-2.1/org.attoparser/attoparser/2.0.5.RELEASE/a93ad36df9560de3a5312c1d14f69d938099fa64/attoparser-2.0.5.RELEASE.jar
7f73f3227000-7f73f3229000 r--s 00004000 08:05 2626151                    /home/nghiapt/.gradle/caches/modules-2/files-2.1/org.springframework/spring-jcl/5.0.10.RELEASE/8d6a766be91ae5613f2828eb9f77739a47ceb357/spring-jcl-5.0.10.RELEASE.jar
7f73f3229000-7f73f3236000 r--s 00083000 08:05 2626948                    /home/nghiapt/.gradle/caches/modules-2/files-2.1/commons-collections/commons-collections/3.2.2/8ad72fe39fa8c91eaaf12aadb21e0c3661fe26d5/commons-collections-3.2.2.jar
7f73f3236000-7f73f3238000 r--s 0000e000 08:05 2626117                    /home/nghiapt/.gradle/caches/modules-2/files-2.1/commons-logging/commons-logging/1.2/4bfc12adfe4842bf07b657f0369c4cb522955686/commons-logging-1.2.jar
7f73f3238000-7f73f323d000 r--s 00048000 08:05 2628424                    /home/nghiapt/.gradle/caches/modules-2/files-2.1/dom4j/dom4j/1.6.1/5d3ccc056b6f056dbf0dddfdf43894b9065a8f94/dom4j-1.6.1.jar
7f73f323d000-7f73f323f000 r--s 0000e000 08:05 2626282                    /home/nghiapt/.gradle/caches/modules-2/files-2.1/com.fasterxml/classmate/1.3.4/3d5f48f10bbe4eb7bd862f10c0583be2e0053c6/classmate-1.3.4.jar
7f73f323f000-7f73f3242000 r--s 0002b000 08:05 2628691                    /home/nghiapt/.gradle/caches/modules-2/files-2.1/org.jboss/jandex/2.0.3.Final/bfc4d6257dbff7a33a357f0de116be6ff951d849/jandex-2.0.3.Final.jar
7f73f3242000-7f73f3247000 r--s 00068000 08:05 2626965                    /home/nghiapt/.gradle/caches/modules-2/files-2.1/antlr/antlr/2.7.7/83cd2cd674a217ade95a4bb83a8a14f351f48bd0/antlr-2.7.7.jar
7f73f3247000-7f73f3251000 r--s 000ab000 08:05 2628690                    /home/nghiapt/.gradle/caches/modules-2/files-2.1/org.javassist/javassist/3.22.0-GA/3e83394258ae2089be7219b971ec21a8288528ad/javassist-3.22.0-GA.jar
7f73f3251000-7f73f3256000 r--s 00017000 08:05 2628688                    /home/nghiapt/.gradle/caches/modules-2/files-2.1/org.hibernate.javax.persistence/hibernate-jpa-2.1-api/1.0.2.Final/52afb5762c704a6b586e27742470c08f91877fc1/hibernate-jpa-2.1-api-1.0.2.Final.jar
7f73f3256000-7f73f3258000 r--s 0000f000 08:05 2626281                    /home/nghiapt/.gradle/caches/modules-2/files-2.1/org.jboss.logging/jboss-logging/3.3.2.Final/3789d00e859632e6c6206adc0c71625559e6e3b0/jboss-logging-3.3.2.Final.jar
7f73f3258000-7f73f325b000 r--s 00010000 08:05 2628420                    /home/nghiapt/.gradle/caches/modules-2/files-2.1/org.hibernate.common/hibernate-commons-annotations/5.0.1.Final/71e1cff3fcb20d3b3af4f3363c3ddb24d33c6879/hibernate-commons-annotations-5.0.1.Final.jar
7f73f325b000-7f73f3274000 r--s 001bf000 08:05 2626925                    /home/nghiapt/.gradle/caches/modules-2/files-2.1/org.aspectj/aspectjweaver/1.8.13/ad94df2a28d658a40dc27bbaff6a1ce5fbf04e9b/aspectjweaver-1.8.13.jar
7f73f3274000-7f73f327b000 r--s 00042000 08:05 2626389                    /home/nghiapt/.gradle/caches/modules-2/files-2.1/org.yaml/snakeyaml/1.19/2d998d3d674b172a588e54ab619854d073f555b5/snakeyaml-1.19.jar
7f73f327b000-7f73f3293000 r--s 00115000 08:05 2626153                    /home/nghiapt/.gradle/caches/modules-2/files-2.1/org.springframework/spring-core/5.0.10.RELEASE/cb270a60ceb573961588f511222984de64b4bc96/spring-core-5.0.10.RELEASE.jar
7f73f3293000-7f73f3298000 r--s 00040000 08:05 2626386                    /home/nghiapt/.gradle/caches/modules-2/files-2.1/org.springframework/spring-expression/5.0.10.RELEASE/eaf8595e3bf18ef1aca1c233d9871552d258e38a/spring-expression-5.0.10.RELEASE.jar
7f73f3298000-7f73f32a5000 r--s 00095000 08:05 2626385                    /home/nghiapt/.gradle/caches/modules-2/files-2.1/org.springframework/spring-beans/5.0.10.RELEASE/8ec7da928082a123c50d5d70cd4b46382db27e8b/spring-beans-5.0.10.RELEASE.jar
7f73f32a5000-7f73f32bf000 r--s 0011b000 08:05 2626372                    /home/nghiapt/.gradle/caches/modules-2/files-2.1/org.springframework/spring-web/5.0.10.RELEASE/fbaaa53ec99f45fd7aaf9125beeb5c3388cce088/spring-web-5.0.10.RELEASE.jar
7f73f32bf000-7f73f32c7000 r--s 00037000 08:05 2626383                    /home/nghiapt/.gradle/caches/modules-2/files-2.1/org.springframework/spring-tx/5.0.10.RELEASE/55608ae84fde15eb942d675e3b1ee7d30394d4cb/spring-tx-5.0.10.RELEASE.jar
7f73f32c7000-7f73f32d0000 r--s 00059000 08:05 2628768                    /home/nghiapt/.gradle/caches/modules-2/files-2.1/org.springframework/spring-jdbc/5.0.10.RELEASE/16ff6fad897185eb3fb01c58796de04b9b1e8c86/spring-jdbc-5.0.10.RELEASE.jar
7f73f32d0000-7f73f32d4000 r--s 0002b000 08:05 2628765                    /home/nghiapt/.gradle/caches/modules-2/files-2.1/org.springframework/spring-orm/5.0.10.RELEASE/ea0e14a753820eb47b63654e495ea370841da156/spring-orm-5.0.10.RELEASE.jar
7f73f32d4000-7f73f32d6000 r--s 00005000 08:05 2626378                    /home/nghiapt/.gradle/caches/modules-2/files-2.1/javax.annotation/javax.annotation-api/1.3.2/934c04d3cfef185a8008e7bf34331b79730a9d43/javax.annotation-api-1.3.2.jar
7f73f32d6000-7f73f32db000 r--s 00038000 08:05 2629101                    /home/nghiapt/.gradle/caches/modules-2/files-2.1/commons-beanutils/commons-beanutils/1.9.3/c845703de334ddc6b4b3cd26835458cb1cba1f3d/commons-beanutils-1.9.3.jar
7f73f32db000-7f73f32e3000 r--s 00072000 08:05 2626255                    /home/nghiapt/.gradle/caches/modules-2/files-2.1/org.apache.commons/commons-lang3/3.7/557edd918fd41f9260963583ebf5a61a43a6b423/commons-lang3-3.7.jar
7f73f32e3000-7f73f32e7000 r--s 00029000 08:05 2632799                    /home/nghiapt/.gradle/caches/modules-2/files-2.1/org.apache.commons/commons-text/1.3/9abf61708a66ab5e55f6169a200dbfc584b546d9/commons-text-1.3.jar
7f73f32e7000-7f73f32eb000 r--s 00031000 08:05 2626254                    /home/nghiapt/.gradle/caches/modules-2/files-2.1/commons-io/commons-io/2.6/815893df5f31da2ece4040fe0a12fd44b577afaf/commons-io-2.6.jar
7f73f32eb000-7f73f32fa000 r--s 000a9000 08:05 2625739                    /home/nghiapt/.gradle/caches/modules-2/files-2.1/org.apache.commons/commons-collections4/4.2/54ebea0a5b653d3c680131e73fe807bb8f78c4ed/commons-collections4-4.2.jar
7f73f32fa000-7f73f32ff000 r--s 00012000 08:05 2626253                    /home/nghiapt/.gradle/caches/modules-2/files-2.1/javax.validation/validation-api/2.0.1.Final/cb855558e6271b1b32e716d24cb85c7f583ce09e/validation-api-2.0.1.Final.jar
7f73f32ff000-7f73f331c000 r--s 000fe000 08:05 2626370                    /home/nghiapt/.gradle/caches/modules-2/files-2.1/org.hibernate.validator/hibernate-validator/6.0.13.Final/af4232bf90ecd33c71147d67185dbb1cfe8f33df/hibernate-validator-6.0.13.Final.jar
7f73f331c000-7f73f331e000 r--s 00009000 08:05 2626292                    /home/nghiapt/.gradle/caches/modules-2/files-2.1/org.slf4j/slf4j-api/1.7.25/da76ca59f6a57ee3102f8f9bd9cee742973efa8a/slf4j-api-1.7.25.jar
7f73f331e000-7f73f3320000 r--s 00000000 08:05 2626290                    /home/nghiapt/.gradle/caches/modules-2/files-2.1/org.slf4j/jul-to-slf4j/1.7.25/af5364cd6679bfffb114f0dec8a157aaa283b76/jul-to-slf4j-1.7.25.jar
7f73f3320000-7f73f3326000 r--s 00041000 08:05 2626397                    /home/nghiapt/.gradle/caches/modules-2/files-2.1/ch.qos.logback/logback-classic/1.2.3/7c4f3c474fb2c041d8028740440937705ebb473a/logback-classic-1.2.3.jar
7f73f3326000-7f73f3336000 r--s 000c5000 08:05 2626396                    /home/nghiapt/.gradle/caches/modules-2/files-2.1/org.thymeleaf/thymeleaf/3.0.10.RELEASE/222fc330c04373399f7460b4df978d3e6d8aa951/thymeleaf-3.0.10.RELEASE.jar
7f73f3336000-7f73f334e000 r--s 000f2000 08:05 2626384                    /home/nghiapt/.gradle/caches/modules-2/files-2.1/org.springframework.data/spring-data-commons/2.0.11.RELEASE/273e5cd5d6e772b5c4208b12771ed48647b2b9bb/spring-data-commons-2.0.11.RELEASE.jar
7f73f334e000-7f73f3357000 r--s 00051000 08:05 2626381                    /home/nghiapt/.gradle/caches/modules-2/files-2.1/org.springframework/spring-aop/5.0.10.RELEASE/da65874f61aef9c25db794f493e50683346d3056/spring-aop-5.0.10.RELEASE.jar
7f73f3357000-7f73f3371000 r--s 000f1000 08:05 2626380                    /home/nghiapt/.gradle/caches/modules-2/files-2.1/org.springframework/spring-context/5.0.10.RELEASE/6f53de0618219fefc2aebf92ba175e6b33e14ce0/spring-context-5.0.10.RELEASE.jar
7f73f3371000-7f73f3380000 r--s 000b3000 08:05 2626369                    /home/nghiapt/.gradle/caches/modules-2/files-2.1/org.springframework/spring-webmvc/5.0.10.RELEASE/88a601321e2b4e3b84eed0909c24b9dd8e453b5f/spring-webmvc-5.0.10.RELEASE.jar
7f73f3380000-7f73f338c000 r--s 0005c000 08:05 2629862                    /home/nghiapt/.gradle/caches/modules-2/files-2.1/org.springframework.security/spring-security-core/5.0.9.RELEASE/d292ed9b140de0095263cb418dd89879ea629763/spring-security-core-5.0.9.RELEASE.jar
7f73f338c000-7f73f33a1000 r--s 000d1000 08:05 2626376                    /home/nghiapt/.gradle/caches/modules-2/files-2.1/org.springframework.boot/spring-boot/2.0.6.RELEASE/4d214b08bbc74f03d404e8fc862102334e0f73d1/spring-boot-2.0.6.RELEASE.jar
7f73f33a1000-7f73f33c2000 r--s 000ff000 08:05 2626375                    /home/nghiapt/.gradle/caches/modules-2/files-2.1/org.springframework.boot/spring-boot-autoconfigure/2.0.6.RELEASE/e8c88fd703dbdf79f94178a5018ad67d1ecb1d0d/spring-boot-autoconfigure-2.0.6.RELEASE.jar
7f73f33c2000-7f73f33c3000 ---p 00000000 00:00 0 
7f73f33c3000-7f73f34c3000 rw-p 00000000 00:00 0 
7f73f34c3000-7f73f4000000 r--p 00000000 08:05 531901                     /usr/lib/locale/locale-archive
7f73f4000000-7f73f4021000 rw-p 00000000 00:00 0 
7f73f4021000-7f73f8000000 ---p 00000000 00:00 0 
7f73f8000000-7f73f8021000 rw-p 00000000 00:00 0 
7f73f8021000-7f73fc000000 ---p 00000000 00:00 0 
7f73fc000000-7f73fc021000 rw-p 00000000 00:00 0 
7f73fc021000-7f7400000000 ---p 00000000 00:00 0 
7f7400000000-7f740007b000 rw-p 00000000 00:00 0 
7f740007b000-7f7404000000 ---p 00000000 00:00 0 
7f7404000000-7f7404021000 rw-p 00000000 00:00 0 
7f7404021000-7f7408000000 ---p 00000000 00:00 0 
7f7408000000-7f7408021000 rw-p 00000000 00:00 0 
7f7408021000-7f740c000000 ---p 00000000 00:00 0 
7f740c000000-7f740c021000 rw-p 00000000 00:00 0 
7f740c021000-7f7410000000 ---p 00000000 00:00 0 
7f7410000000-7f7410001000 r--s 00000000 08:05 2626367                    /home/nghiapt/.gradle/caches/modules-2/files-2.1/org.springframework.boot/spring-boot-starter-tomcat/2.0.6.RELEASE/64b22bc3d0ba734532e7cbe941354985f2a86242/spring-boot-starter-tomcat-2.0.6.RELEASE.jar
7f7410001000-7f7410003000 r--s 00003000 08:05 2626398                    /home/nghiapt/.gradle/caches/modules-2/files-2.1/org.apache.logging.log4j/log4j-to-slf4j/2.10.0/f7e631ccf49cfc0aefa4a2a728da7d374c05bd3c/log4j-to-slf4j-2.10.0.jar
7f7410003000-7f7410004000 r--s 00000000 08:05 2626377                    /home/nghiapt/.gradle/caches/modules-2/files-2.1/org.springframework.boot/spring-boot-starter-logging/2.0.6.RELEASE/a730d62c8eb80cdc95e5089e47570d24731cf5dd/spring-boot-starter-logging-2.0.6.RELEASE.jar
7f7410004000-7f7410008000 r--s 00020000 08:05 2628686                    /home/nghiapt/.gradle/caches/modules-2/files-2.1/com.zaxxer/HikariCP/2.7.9/a83113d2c091d0d0f853dad3217bd7df3beb6ae3/HikariCP-2.7.9.jar
7f7410008000-7f7410015000 r--s 0006c000 08:05 2629861                    /home/nghiapt/.gradle/caches/modules-2/files-2.1/org.springframework.security/spring-security-web/5.0.9.RELEASE/653bd41b480d33c9122a00ed0342b21f9c853139/spring-security-web-5.0.9.RELEASE.jar
7f7410015000-7f7410020000 r--s 0009e000 08:05 2629860                    /home/nghiapt/.gradle/caches/modules-2/files-2.1/org.springframework.security/spring-security-config/5.0.9.RELEASE/4cb7f117bb109edcb35193b72b4f578c20eff351/spring-security-config-5.0.9.RELEASE.jar
7f7410020000-7f7410025000 r--s 00027000 08:05 2626373                    /home/nghiapt/.gradle/caches/modules-2/files-2.1/org.thymeleaf/thymeleaf-spring5/3.0.10.RELEASE/56e683bd27aefccdf41a900feb9cddd72015fe59/thymeleaf-spring5-3.0.10.RELEASE.jar
7f7410025000-7f7410027000 r--s 0000a000 08:05 2628767                    /home/nghiapt/.gradle/caches/modules-2/files-2.1/org.springframework/spring-aspects/5.0.10.RELEASE/1c86d8efa425cdbe7e6d2681816d388c0d30efa7/spring-aspects-5.0.10.RELEASE.jar
7f7410027000-7f741002f000 r--s 0004c000 08:05 2628763                    /home/nghiapt/.gradle/caches/modules-2/files-2.1/org.springframework.data/spring-data-jpa/2.0.11.RELEASE/40106aade7ec8ec9e3310d25a5c310dd7e8260d5/spring-data-jpa-2.0.11.RELEASE.jar
7f741002f000-7f74100ad000 r--s 005f0000 08:05 2628689                    /home/nghiapt/.gradle/caches/modules-2/files-2.1/org.hibernate/hibernate-core/5.2.17.Final/f2dc36470e7a2ffcf6106bb1625ecf5b54bb5f65/hibernate-core-5.2.17.Final.jar
7f74100ad000-7f74100b3000 r--s 0002d000 08:05 2627356                    /home/nghiapt/.gradle/caches/modules-2/files-2.1/org.springframework.boot/spring-boot-devtools/2.0.6.RELEASE/bf47c37f19f4fdcbfd0237a220ac1ccf40768476/spring-boot-devtools-2.0.6.RELEASE.jar
7f74100b3000-7f74100ca000 r--s 00188000 08:05 2628743                    /home/nghiapt/.gradle/caches/modules-2/files-2.1/org.projectlombok/lombok/1.18.4/7103ab519b1cdbb0642ad4eaf1db209d905d0f96/lombok-1.18.4.jar
7f74100ca000-7f74100cd000 ---p 00000000 00:00 0 
7f74100cd000-7f74101cb000 rw-p 00000000 00:00 0 
7f74101cb000-7f74101ce000 ---p 00000000 00:00 0 
7f74101ce000-7f74102cc000 rw-p 00000000 00:00 0 
7f74102cc000-7f74102cf000 ---p 00000000 00:00 0 
7f74102cf000-7f74103cd000 rw-p 00000000 00:00 0 
7f74103cd000-7f74103d0000 ---p 00000000 00:00 0 
7f74103d0000-7f74104ce000 rw-p 00000000 00:00 0 
7f74104ce000-7f74104d1000 ---p 00000000 00:00 0 
7f74104d1000-7f74105cf000 rw-p 00000000 00:00 0 
7f74105cf000-7f74105d2000 ---p 00000000 00:00 0 
7f74105d2000-7f74106d0000 rw-p 00000000 00:00 0 
7f74106d0000-7f74106d3000 ---p 00000000 00:00 0 
7f74106d3000-7f74107d1000 rw-p 00000000 00:00 0 
7f74107d1000-7f74107d2000 ---p 00000000 00:00 0 
7f74107d2000-7f7419000000 rw-p 00000000 00:00 0 
7f7419000000-7f741a4e0000 rwxp 00000000 00:00 0 
7f741a4e0000-7f7428000000 ---p 00000000 00:00 0 
7f7428000000-7f74288cf000 rw-p 00000000 00:00 0 
7f74288cf000-7f742c000000 ---p 00000000 00:00 0 
7f742c000000-7f742c001000 r--s 00009000 08:05 2626374                    /home/nghiapt/.gradle/caches/modules-2/files-2.1/org.thymeleaf.extras/thymeleaf-extras-java8time/3.0.1.RELEASE/d23760d1e53cd70c489ef40dc94ee6bd2371cceb/thymeleaf-extras-java8time-3.0.1.RELEASE.jar
7f742c001000-7f742c003000 r--s 00006000 08:05 2628414                    /home/nghiapt/.gradle/caches/modules-2/files-2.1/javax.transaction/javax.transaction-api/1.2/d81aff979d603edd90dcd8db2abc1f4ce6479e3e/javax.transaction-api-1.2.jar
7f742c003000-7f742c004000 r--s 00000000 08:05 2626368                    /home/nghiapt/.gradle/caches/modules-2/files-2.1/org.springframework.boot/spring-boot-starter/2.0.6.RELEASE/9d904a4387e076343a3478c32198ec7d9d633ff4/spring-boot-starter-2.0.6.RELEASE.jar
7f742c004000-7f742c008000 r--s 00025000 08:05 2632798                    /home/nghiapt/.gradle/caches/modules-2/files-2.1/com.opencsv/opencsv/4.3.2/16e7a3c979797221ce4746cdf8eb0f73a004b34/opencsv-4.3.2.jar
7f742c008000-7f742c57d000 rw-p 00000000 00:00 0 
7f742c57d000-7f742c757000 r--s 03d6b000 08:05 4732548                    /home/nghiapt/programs/jdk1.8/jre/lib/rt.jar
7f742c757000-7f742d797000 rw-p 00000000 00:00 0 
7f742d797000-7f742d798000 ---p 00000000 00:00 0 
7f742d798000-7f742d898000 rw-p 00000000 00:00 0 
7f742d898000-7f742d899000 ---p 00000000 00:00 0 
7f742d899000-7f742d999000 rw-p 00000000 00:00 0 
7f742d999000-7f742d99a000 ---p 00000000 00:00 0 
7f742d99a000-7f742da9a000 rw-p 00000000 00:00 0 
7f742da9a000-7f742da9b000 ---p 00000000 00:00 0 
7f742da9b000-7f742dc03000 rw-p 00000000 00:00 0 
7f742dc03000-7f742e0cd000 ---p 00000000 00:00 0 
7f742e0cd000-7f742e135000 rw-p 00000000 00:00 0 
7f742e135000-7f742e5fe000 ---p 00000000 00:00 0 
7f742e5fe000-7f742e6bd000 rw-p 00000000 00:00 0 
7f742e6bd000-7f742e897000 ---p 00000000 00:00 0 
7f742e897000-7f742e8ec000 rw-p 00000000 00:00 0 
7f742e8ec000-7f742ec58000 ---p 00000000 00:00 0 
7f742ec58000-7f742ec73000 r-xp 00000000 08:05 408273                     /home/nghiapt/programs/jdk1.8/jre/lib/amd64/libzip.so
7f742ec73000-7f742ee73000 ---p 0001b000 08:05 408273                     /home/nghiapt/programs/jdk1.8/jre/lib/amd64/libzip.so
7f742ee73000-7f742ee74000 rw-p 0001b000 08:05 408273                     /home/nghiapt/programs/jdk1.8/jre/lib/amd64/libzip.so
7f742ee74000-7f742ee7f000 r-xp 00000000 08:05 3937324                    /lib/x86_64-linux-gnu/libnss_files-2.23.so
7f742ee7f000-7f742f07e000 ---p 0000b000 08:05 3937324                    /lib/x86_64-linux-gnu/libnss_files-2.23.so
7f742f07e000-7f742f07f000 r--p 0000a000 08:05 3937324                    /lib/x86_64-linux-gnu/libnss_files-2.23.so
7f742f07f000-7f742f080000 rw-p 0000b000 08:05 3937324                    /lib/x86_64-linux-gnu/libnss_files-2.23.so
7f742f080000-7f742f086000 rw-p 00000000 00:00 0 
7f742f086000-7f742f091000 r-xp 00000000 08:05 3937334                    /lib/x86_64-linux-gnu/libnss_nis-2.23.so
7f742f091000-7f742f290000 ---p 0000b000 08:05 3937334                    /lib/x86_64-linux-gnu/libnss_nis-2.23.so
7f742f290000-7f742f291000 r--p 0000a000 08:05 3937334                    /lib/x86_64-linux-gnu/libnss_nis-2.23.so
7f742f291000-7f742f292000 rw-p 0000b000 08:05 3937334                    /lib/x86_64-linux-gnu/libnss_nis-2.23.so
7f742f292000-7f742f2a8000 r-xp 00000000 08:05 3937318                    /lib/x86_64-linux-gnu/libnsl-2.23.so
7f742f2a8000-7f742f4a7000 ---p 00016000 08:05 3937318                    /lib/x86_64-linux-gnu/libnsl-2.23.so
7f742f4a7000-7f742f4a8000 r--p 00015000 08:05 3937318                    /lib/x86_64-linux-gnu/libnsl-2.23.so
7f742f4a8000-7f742f4a9000 rw-p 00016000 08:05 3937318                    /lib/x86_64-linux-gnu/libnsl-2.23.so
7f742f4a9000-7f742f4ab000 rw-p 00000000 00:00 0 
7f742f4ab000-7f742f4b3000 r-xp 00000000 08:05 3937320                    /lib/x86_64-linux-gnu/libnss_compat-2.23.so
7f742f4b3000-7f742f6b2000 ---p 00008000 08:05 3937320                    /lib/x86_64-linux-gnu/libnss_compat-2.23.so
7f742f6b2000-7f742f6b3000 r--p 00007000 08:05 3937320                    /lib/x86_64-linux-gnu/libnss_compat-2.23.so
7f742f6b3000-7f742f6b4000 rw-p 00008000 08:05 3937320                    /lib/x86_64-linux-gnu/libnss_compat-2.23.so
7f742f6b4000-7f742f6df000 r-xp 00000000 08:05 408267                     /home/nghiapt/programs/jdk1.8/jre/lib/amd64/libjava.so
7f742f6df000-7f742f8de000 ---p 0002b000 08:05 408267                     /home/nghiapt/programs/jdk1.8/jre/lib/amd64/libjava.so
7f742f8de000-7f742f8e0000 rw-p 0002a000 08:05 408267                     /home/nghiapt/programs/jdk1.8/jre/lib/amd64/libjava.so
7f742f8e0000-7f742f8ed000 r-xp 00000000 08:05 408272                     /home/nghiapt/programs/jdk1.8/jre/lib/amd64/libverify.so
7f742f8ed000-7f742faed000 ---p 0000d000 08:05 408272                     /home/nghiapt/programs/jdk1.8/jre/lib/amd64/libverify.so
7f742faed000-7f742faef000 rw-p 0000d000 08:05 408272                     /home/nghiapt/programs/jdk1.8/jre/lib/amd64/libverify.so
7f742faef000-7f742faf6000 r-xp 00000000 08:05 3937379                    /lib/x86_64-linux-gnu/librt-2.23.so
7f742faf6000-7f742fcf5000 ---p 00007000 08:05 3937379                    /lib/x86_64-linux-gnu/librt-2.23.so
7f742fcf5000-7f742fcf6000 r--p 00006000 08:05 3937379                    /lib/x86_64-linux-gnu/librt-2.23.so
7f742fcf6000-7f742fcf7000 rw-p 00007000 08:05 3937379                    /lib/x86_64-linux-gnu/librt-2.23.so
7f742fcf7000-7f742fdff000 r-xp 00000000 08:05 3937295                    /lib/x86_64-linux-gnu/libm-2.23.so
7f742fdff000-7f742fffe000 ---p 00108000 08:05 3937295                    /lib/x86_64-linux-gnu/libm-2.23.so
7f742fffe000-7f742ffff000 r--p 00107000 08:05 3937295                    /lib/x86_64-linux-gnu/libm-2.23.so
7f742ffff000-7f7430000000 rw-p 00108000 08:05 3937295                    /lib/x86_64-linux-gnu/libm-2.23.so
7f7430000000-7f7430cdc000 r-xp 00000000 08:05 408293                     /home/nghiapt/programs/jdk1.8/jre/lib/amd64/server/libjvm.so
7f7430cdc000-7f7430edc000 ---p 00cdc000 08:05 408293                     /home/nghiapt/programs/jdk1.8/jre/lib/amd64/server/libjvm.so
7f7430edc000-7f7430fb6000 rw-p 00cdc000 08:05 408293                     /home/nghiapt/programs/jdk1.8/jre/lib/amd64/server/libjvm.so
7f7430fb6000-7f7431001000 rw-p 00000000 00:00 0 
7f7431001000-7f74311c1000 r-xp 00000000 08:05 3937225                    /lib/x86_64-linux-gnu/libc-2.23.so
7f74311c1000-7f74313c1000 ---p 001c0000 08:05 3937225                    /lib/x86_64-linux-gnu/libc-2.23.so
7f74313c1000-7f74313c5000 r--p 001c0000 08:05 3937225                    /lib/x86_64-linux-gnu/libc-2.23.so
7f74313c5000-7f74313c7000 rw-p 001c4000 08:05 3937225                    /lib/x86_64-linux-gnu/libc-2.23.so
7f74313c7000-7f74313cb000 rw-p 00000000 00:00 0 
7f74313cb000-7f74313ce000 r-xp 00000000 08:05 3937249                    /lib/x86_64-linux-gnu/libdl-2.23.so
7f74313ce000-7f74315cd000 ---p 00003000 08:05 3937249                    /lib/x86_64-linux-gnu/libdl-2.23.so
7f74315cd000-7f74315ce000 r--p 00002000 08:05 3937249                    /lib/x86_64-linux-gnu/libdl-2.23.so
7f74315ce000-7f74315cf000 rw-p 00003000 08:05 3937249                    /lib/x86_64-linux-gnu/libdl-2.23.so
7f74315cf000-7f74315e5000 r-xp 00000000 08:05 4732473                    /home/nghiapt/programs/jdk1.8/lib/amd64/jli/libjli.so
7f74315e5000-7f74317e4000 ---p 00016000 08:05 4732473                    /home/nghiapt/programs/jdk1.8/lib/amd64/jli/libjli.so
7f74317e4000-7f74317e5000 rw-p 00015000 08:05 4732473                    /home/nghiapt/programs/jdk1.8/lib/amd64/jli/libjli.so
7f74317e5000-7f74317fd000 r-xp 00000000 08:05 3937371                    /lib/x86_64-linux-gnu/libpthread-2.23.so
7f74317fd000-7f74319fc000 ---p 00018000 08:05 3937371                    /lib/x86_64-linux-gnu/libpthread-2.23.so
7f74319fc000-7f74319fd000 r--p 00017000 08:05 3937371                    /lib/x86_64-linux-gnu/libpthread-2.23.so
7f74319fd000-7f74319fe000 rw-p 00018000 08:05 3937371                    /lib/x86_64-linux-gnu/libpthread-2.23.so
7f74319fe000-7f7431a02000 rw-p 00000000 00:00 0 
7f7431a02000-7f7431a28000 r-xp 00000000 08:05 3937197                    /lib/x86_64-linux-gnu/ld-2.23.so
7f7431a28000-7f7431a29000 r--s 00000000 08:05 2626366                    /home/nghiapt/.gradle/caches/modules-2/files-2.1/org.springframework.boot/spring-boot-starter-json/2.0.6.RELEASE/1b3912af3eecdbbc6cda497acc7939f2ce21e39d/spring-boot-starter-json-2.0.6.RELEASE.jar
7f7431a29000-7f7431a2a000 r--s 00000000 08:05 2626363                    /home/nghiapt/.gradle/caches/modules-2/files-2.1/org.springframework.boot/spring-boot-starter-web/2.0.6.RELEASE/e803fc341b450b2ce01734df12e5881b8e78c0a7/spring-boot-starter-web-2.0.6.RELEASE.jar
7f7431a2a000-7f7431a2b000 r--s 00000000 08:05 2628459                    /home/nghiapt/.gradle/caches/modules-2/files-2.1/org.springframework.boot/spring-boot-starter-jdbc/2.0.6.RELEASE/5a65c8ce23562f18d70df947bffcd353e1ac2a41/spring-boot-starter-jdbc-2.0.6.RELEASE.jar
7f7431a2b000-7f7431a2d000 r--s 0000a000 08:05 2625391                    /home/nghiapt/.gradle/caches/modules-2/files-2.1/org.thymeleaf.extras/thymeleaf-extras-springsecurity5/3.0.3.RELEASE/5bb3c053782676936a2ed522cd0e7f69a7c1c038/thymeleaf-extras-springsecurity5-3.0.3.RELEASE.jar
7f7431a2d000-7f7431a37000 r--s 00061000 08:05 2628682                    /home/nghiapt/.gradle/caches/modules-2/files-2.1/org.flywaydb/flyway-core/5.0.7/71b796e103987cf8f24068f1f5490fac8f8e1126/flyway-core-5.0.7.jar
7f7431a37000-7f7431b08000 rw-p 00000000 00:00 0 
7f7431b08000-7f7431b0b000 ---p 00000000 00:00 0 
7f7431b0b000-7f7431c0e000 rw-p 00000000 00:00 0 
7f7431c0e000-7f7431c0f000 r--s 00000000 08:05 2628461                    /home/nghiapt/.gradle/caches/modules-2/files-2.1/org.springframework.boot/spring-boot-starter-aop/2.0.6.RELEASE/f3db2e05267686fd97af5460a155bac4298fab4d/spring-boot-starter-aop-2.0.6.RELEASE.jar
7f7431c0f000-7f7431c10000 r--s 00000000 08:05 2629863                    /home/nghiapt/.gradle/caches/modules-2/files-2.1/org.springframework.boot/spring-boot-starter-security/2.0.6.RELEASE/d3f8018d60d493467c1e8c9e496704dfc9cfefae/spring-boot-starter-security-2.0.6.RELEASE.jar
7f7431c10000-7f7431c11000 r--s 00000000 08:05 2626364                    /home/nghiapt/.gradle/caches/modules-2/files-2.1/org.springframework.boot/spring-boot-starter-thymeleaf/2.0.6.RELEASE/7ee5f8434d42df745d2af7191fd6a47aef7fa97/spring-boot-starter-thymeleaf-2.0.6.RELEASE.jar
7f7431c11000-7f7431c12000 r--s 00000000 08:05 2628458                    /home/nghiapt/.gradle/caches/modules-2/files-2.1/org.springframework.boot/spring-boot-starter-data-jpa/2.0.6.RELEASE/5c73f7a2c27920a32eefb8b172f3aa387295751b/spring-boot-starter-data-jpa-2.0.6.RELEASE.jar
7f7431c12000-7f7431c1b000 r--s 000ed000 08:05 2629412                    /home/nghiapt/.gradle/caches/modules-2/files-2.1/mysql/mysql-connector-java/5.1.47/9de4159aaf2d08817a276610b8114a825fca6cfd/mysql-connector-java-5.1.47.jar
7f7431c1b000-7f7431c1d000 r--s 00003000 08:0a 22808129                   /mnt/ng-data/PROJECT/lyna/lyna/build/common-utils.jar
7f7431c1d000-7f7431c25000 rw-s 00000000 08:05 2626003                    /tmp/hsperfdata_nghiapt/4319
7f7431c25000-7f7431c26000 rw-p 00000000 00:00 0 
7f7431c26000-7f7431c27000 r--p 00000000 00:00 0 
7f7431c27000-7f7431c28000 r--p 00025000 08:05 3937197                    /lib/x86_64-linux-gnu/ld-2.23.so
7f7431c28000-7f7431c29000 rw-p 00026000 08:05 3937197                    /lib/x86_64-linux-gnu/ld-2.23.so
7f7431c29000-7f7431c2a000 rw-p 00000000 00:00 0 
7fffe4f28000-7fffe4f4d000 rw-p 00000000 00:00 0                          [stack]
7fffe4fba000-7fffe4fbd000 r--p 00000000 00:00 0                          [vvar]
7fffe4fbd000-7fffe4fbf000 r-xp 00000000 00:00 0                          [vdso]
ffffffffff600000-ffffffffff601000 r-xp 00000000 00:00 0                  [vsyscall]

VM Arguments:
jvm_args: -Dfile.encoding=UTF-8 -Duser.country=US -Duser.language=en -Duser.variant 
java_command: com.lyna.web.LynaApplication
java_class_path (initial): /mnt/ng-data/PROJECT/lyna/lyna/web-app/build/classes/java/main:/mnt/ng-data/PROJECT/lyna/lyna/web-app/build/resources/main:/home/nghiapt/.gradle/caches/modules-2/files-2.1/org.projectlombok/lombok/1.18.4/7103ab519b1cdbb0642ad4eaf1db209d905d0f96/lombok-1.18.4.jar:/mnt/ng-data/PROJECT/lyna/lyna/build/common-utils.jar:/home/nghiapt/.gradle/caches/modules-2/files-2.1/mysql/mysql-connector-java/5.1.47/9de4159aaf2d08817a276610b8114a825fca6cfd/mysql-connector-java-5.1.47.jar:/home/nghiapt/.gradle/caches/modules-2/files-2.1/org.springframework.boot/spring-boot-starter-data-jpa/2.0.6.RELEASE/5c73f7a2c27920a32eefb8b172f3aa387295751b/spring-boot-starter-data-jpa-2.0.6.RELEASE.jar:/home/nghiapt/.gradle/caches/modules-2/files-2.1/org.flywaydb/flyway-core/5.0.7/71b796e103987cf8f24068f1f5490fac8f8e1126/flyway-core-5.0.7.jar:/home/nghiapt/.gradle/caches/modules-2/files-2.1/org.springframework.boot/spring-boot-starter-thymeleaf/2.0.6.RELEASE/7ee5f8434d42df745d2af7191fd6a47aef7fa97/spring-boot-starter-thymeleaf-2.0.6.RELEASE.jar:/home/nghiapt/.gradle/caches/modules-2/files-2.1/org.springframework.boot/spring-boot-starter-security/2.0.6.RELEASE/d3f8018d60d493467c1e8c9e496704dfc9cfefae/spring-boot-starter-security-2.0.6.RELEASE.jar:/home/nghiapt/.gradle/caches/modules-2/files-2.1/org.thymeleaf.extras/thymeleaf-extras-springsecurity5/3.0.3.RELEASE/5bb3c053782676936a2ed522cd0e7f69a7c1c038/thymeleaf-extras-springsecurity5-3.0.3.RELEASE.jar:/home/nghiapt/.gradle/caches/modules-2/files-2.1/com.opencsv/opencsv/4.3.2/16e7a3c979797221ce4746cdf8eb0f73a004b34/opencsv-4.3.2.jar:/home/nghiapt/.gradle/caches/modules-2/files-2.1/org.springframework.boot/spring-boot-devtools/2.0.6.RELEASE/bf47c37f19f4fdcbfd0237a220ac1ccf40768476/spring-boot-devtools-2.0.6.RELEASE.jar:/home/nghiapt/.gradle/caches/modules-2/files-2.1/org.springframework.boot/spring-boot-starter-aop/2.0.6.RELEASE/f3db2e05267686fd97af5460a155bac4298fab4d/spring-boot-starter-aop-2.0.6.RELEASE.jar:/home/nghiapt
Launcher Type: SUN_STANDARD

Environment Variables:
JAVA_HOME=/home/nghiapt/programs/jdk1.8
PATH=/home/nghiapt/.nvm/versions/node/v8.11.0/bin:/home/nghiapt/bin:/home/nghiapt/.local/bin:/usr/local/sbin:/usr/local/bin:/usr/sbin:/usr/bin:/sbin:/bin:/usr/games:/usr/local/games:/snap/bin:/home/nghiapt/programs/gradle/bin:/home/nghiapt/programs/maven/bin
SHELL=/bin/bash
DISPLAY=:0

Signal Handlers:
SIGSEGV: [libjvm.so+0xad2a40], sa_mask[0]=11111111011111111101111111111110, sa_flags=SA_RESTART|SA_SIGINFO
SIGBUS: [libjvm.so+0xad2a40], sa_mask[0]=11111111011111111101111111111110, sa_flags=SA_RESTART|SA_SIGINFO
SIGFPE: [libjvm.so+0x92a610], sa_mask[0]=11111111011111111101111111111110, sa_flags=SA_RESTART|SA_SIGINFO
SIGPIPE: [libjvm.so+0x92a610], sa_mask[0]=11111111011111111101111111111110, sa_flags=SA_RESTART|SA_SIGINFO
SIGXFSZ: [libjvm.so+0x92a610], sa_mask[0]=11111111011111111101111111111110, sa_flags=SA_RESTART|SA_SIGINFO
SIGILL: [libjvm.so+0x92a610], sa_mask[0]=11111111011111111101111111111110, sa_flags=SA_RESTART|SA_SIGINFO
SIGUSR1: SIG_DFL, sa_mask[0]=00000000000000000000000000000000, sa_flags=none
SIGUSR2: [libjvm.so+0x92be70], sa_mask[0]=00100000000000000000000000000000, sa_flags=SA_RESTART|SA_SIGINFO
SIGHUP: [libjvm.so+0x92d270], sa_mask[0]=11111111011111111101111111111110, sa_flags=SA_RESTART|SA_SIGINFO
SIGINT: [libjvm.so+0x92d270], sa_mask[0]=11111111011111111101111111111110, sa_flags=SA_RESTART|SA_SIGINFO
SIGTERM: [libjvm.so+0x92d270], sa_mask[0]=11111111011111111101111111111110, sa_flags=SA_RESTART|SA_SIGINFO
SIGQUIT: [libjvm.so+0x92d270], sa_mask[0]=11111111011111111101111111111110, sa_flags=SA_RESTART|SA_SIGINFO


---------------  S Y S T E M  ---------------

OS:DISTRIB_ID=Ubuntu
DISTRIB_RELEASE=16.04
DISTRIB_CODENAME=xenial
DISTRIB_DESCRIPTION="Ubuntu 16.04.5 LTS"

uname:Linux 4.15.0-38-generic #41~16.04.1-Ubuntu SMP Wed Oct 10 20:16:04 UTC 2018 x86_64
libc:glibc 2.23 NPTL 2.23 
rlimit: STACK 8192k, CORE 0k, NPROC 63422, NOFILE 1048576, AS infinity
load average:3,97 3,91 3,84

/proc/meminfo:
MemTotal:       16331848 kB
MemFree:          317736 kB
MemAvailable:    4369668 kB
Buffers:          586120 kB
Cached:          5112532 kB
SwapCached:            0 kB
Active:         11972220 kB
Inactive:        3408672 kB
Active(anon):    9666560 kB
Inactive(anon):  1542140 kB
Active(file):    2305660 kB
Inactive(file):  1866532 kB
Unevictable:        5048 kB
Mlocked:            5048 kB
SwapTotal:      15999996 kB
SwapFree:       15999984 kB
Dirty:             34700 kB
Writeback:             0 kB
AnonPages:       9687508 kB
Mapped:          1307592 kB
Shmem:           1526468 kB
Slab:             354740 kB
SReclaimable:     220944 kB
SUnreclaim:       133796 kB
KernelStack:       23372 kB
PageTables:       118740 kB
NFS_Unstable:          0 kB
Bounce:                0 kB
WritebackTmp:          0 kB
CommitLimit:    24165920 kB
Committed_AS:   25459556 kB
VmallocTotal:   34359738367 kB
VmallocUsed:           0 kB
VmallocChunk:          0 kB
HardwareCorrupted:     0 kB
AnonHugePages:         0 kB
ShmemHugePages:        0 kB
ShmemPmdMapped:        0 kB
CmaTotal:              0 kB
CmaFree:               0 kB
HugePages_Total:       0
HugePages_Free:        0
HugePages_Rsvd:        0
HugePages_Surp:        0
Hugepagesize:       2048 kB
DirectMap4k:      467504 kB
DirectMap2M:    15167488 kB
DirectMap1G:     1048576 kB


CPU:total 4 (initial active 4) (4 cores per cpu, 1 threads per core) family 6 model 158 stepping 9, cmov, cx8, fxsr, mmx, sse, sse2, sse3, ssse3, sse4.1, sse4.2, popcnt, avx, avx2, aes, clmul, erms, 3dnowpref, lzcnt, tsc, tscinvbit, bmi1, bmi2, adx

/proc/cpuinfo:
processor	: 0
vendor_id	: GenuineIntel
cpu family	: 6
model		: 158
model name	: Intel(R) Core(TM) i5-7400 CPU @ 3.00GHz
stepping	: 9
microcode	: 0x8e
cpu MHz		: 3006.563
cache size	: 6144 KB
physical id	: 0
siblings	: 4
core id		: 0
cpu cores	: 4
apicid		: 0
initial apicid	: 0
fpu		: yes
fpu_exception	: yes
cpuid level	: 22
wp		: yes
flags		: fpu vme de pse tsc msr pae mce cx8 apic sep mtrr pge mca cmov pat pse36 clflush dts acpi mmx fxsr sse sse2 ss ht tm pbe syscall nx pdpe1gb rdtscp lm constant_tsc art arch_perfmon pebs bts rep_good nopl xtopology nonstop_tsc cpuid aperfmperf tsc_known_freq pni pclmulqdq dtes64 monitor ds_cpl vmx est tm2 ssse3 sdbg fma cx16 xtpr pdcm pcid sse4_1 sse4_2 x2apic movbe popcnt tsc_deadline_timer aes xsave avx f16c rdrand lahf_lm abm 3dnowprefetch cpuid_fault epb invpcid_single pti ssbd ibrs ibpb stibp tpr_shadow vnmi flexpriority ept vpid fsgsbase tsc_adjust bmi1 avx2 smep bmi2 erms invpcid mpx rdseed adx smap clflushopt intel_pt xsaveopt xsavec xgetbv1 xsaves dtherm ida arat pln pts hwp hwp_notify hwp_act_window hwp_epp flush_l1d
bugs		: cpu_meltdown spectre_v1 spectre_v2 spec_store_bypass l1tf
bogomips	: 6000.00
clflush size	: 64
cache_alignment	: 64
address sizes	: 39 bits physical, 48 bits virtual
power management:

processor	: 1
vendor_id	: GenuineIntel
cpu family	: 6
model		: 158
model name	: Intel(R) Core(TM) i5-7400 CPU @ 3.00GHz
stepping	: 9
microcode	: 0x8e
cpu MHz		: 2978.774
cache size	: 6144 KB
physical id	: 0
siblings	: 4
core id		: 1
cpu cores	: 4
apicid		: 2
initial apicid	: 2
fpu		: yes
fpu_exception	: yes
cpuid level	: 22
wp		: yes
flags		: fpu vme de pse tsc msr pae mce cx8 apic sep mtrr pge mca cmov pat pse36 clflush dts acpi mmx fxsr sse sse2 ss ht tm pbe syscall nx pdpe1gb rdtscp lm constant_tsc art arch_perfmon pebs bts rep_good nopl xtopology nonstop_tsc cpuid aperfmperf tsc_known_freq pni pclmulqdq dtes64 monitor ds_cpl vmx est tm2 ssse3 sdbg fma cx16 xtpr pdcm pcid sse4_1 sse4_2 x2apic movbe popcnt tsc_deadline_timer aes xsave avx f16c rdrand lahf_lm abm 3dnowprefetch cpuid_fault epb invpcid_single pti ssbd ibrs ibpb stibp tpr_shadow vnmi flexpriority ept vpid fsgsbase tsc_adjust bmi1 avx2 smep bmi2 erms invpcid mpx rdseed adx smap clflushopt intel_pt xsaveopt xsavec xgetbv1 xsaves dtherm ida arat pln pts hwp hwp_notify hwp_act_window hwp_epp flush_l1d
bugs		: cpu_meltdown spectre_v1 spectre_v2 spec_store_bypass l1tf
bogomips	: 6000.00
clflush size	: 64
cache_alignment	: 64
address sizes	: 39 bits physical, 48 bits virtual
power management:

processor	: 2
vendor_id	: GenuineIntel
cpu family	: 6
model		: 158
model name	: Intel(R) Core(TM) i5-7400 CPU @ 3.00GHz
stepping	: 9
microcode	: 0x8e
cpu MHz		: 3031.989
cache size	: 6144 KB
physical id	: 0
siblings	: 4
core id		: 2
cpu cores	: 4
apicid		: 4
initial apicid	: 4
fpu		: yes
fpu_exception	: yes
cpuid level	: 22
wp		: yes
flags		: fpu vme de pse tsc msr pae mce cx8 apic sep mtrr pge mca cmov pat pse36 clflush dts acpi mmx fxsr sse sse2 ss ht tm pbe syscall nx pdpe1gb rdtscp lm constant_tsc art arch_perfmon pebs bts rep_good nopl xtopology nonstop_tsc cpuid aperfmperf tsc_known_freq pni pclmulqdq dtes64 monitor ds_cpl vmx est tm2 ssse3 sdbg fma cx16 xtpr pdcm pcid sse4_1 sse4_2 x2apic movbe popcnt tsc_deadline_timer aes xsave avx f16c rdrand lahf_lm abm 3dnowprefetch cpuid_fault epb invpcid_single pti ssbd ibrs ibpb stibp tpr_shadow vnmi flexpriority ept vpid fsgsbase tsc_adjust bmi1 avx2 smep bmi2 erms invpcid mpx rdseed adx smap clflushopt intel_pt xsaveopt xsavec xgetbv1 xsaves dtherm ida arat pln pts hwp hwp_notify hwp_act_window hwp_epp flush_l1d
bugs		: cpu_meltdown spectre_v1 spectre_v2 spec_store_bypass l1tf
bogomips	: 6000.00
clflush size	: 64
cache_alignment	: 64
address sizes	: 39 bits physical, 48 bits virtual
power management:

processor	: 3
vendor_id	: GenuineIntel
cpu family	: 6
model		: 158
model name	: Intel(R) Core(TM) i5-7400 CPU @ 3.00GHz
stepping	: 9
microcode	: 0x8e
cpu MHz		: 2957.483
cache size	: 6144 KB
physical id	: 0
siblings	: 4
core id		: 3
cpu cores	: 4
apicid		: 6
initial apicid	: 6
fpu		: yes
fpu_exception	: yes
cpuid level	: 22
wp		: yes
flags		: fpu vme de pse tsc msr pae mce cx8 apic sep mtrr pge mca cmov pat pse36 clflush dts acpi mmx fxsr sse sse2 ss ht tm pbe syscall nx pdpe1gb rdtscp lm constant_tsc art arch_perfmon pebs bts rep_good nopl xtopology nonstop_tsc cpuid aperfmperf tsc_known_freq pni pclmulqdq dtes64 monitor ds_cpl vmx est tm2 ssse3 sdbg fma cx16 xtpr pdcm pcid sse4_1 sse4_2 x2apic movbe popcnt tsc_deadline_timer aes xsave avx f16c rdrand lahf_lm abm 3dnowprefetch cpuid_fault epb invpcid_single pti ssbd ibrs ibpb stibp tpr_shadow vnmi flexpriority ept vpid fsgsbase tsc_adjust bmi1 avx2 smep bmi2 erms invpcid mpx rdseed adx smap clflushopt intel_pt xsaveopt xsavec xgetbv1 xsaves dtherm ida arat pln pts hwp hwp_notify hwp_act_window hwp_epp flush_l1d
bugs		: cpu_meltdown spectre_v1 spectre_v2 spec_store_bypass l1tf
bogomips	: 6000.00
clflush size	: 64
cache_alignment	: 64
address sizes	: 39 bits physical, 48 bits virtual
power management:



Memory: 4k page, physical 16331848k(317736k free), swap 15999996k(15999984k free)

vm_info: Java HotSpot(TM) 64-Bit Server VM (25.181-b13) for linux-amd64 JRE (1.8.0_181-b13), built on Jul  7 2018 00:56:38 by "java_re" with gcc 4.3.0 20080428 (Red Hat 4.3.0-8)

time: Thu Nov 15 17:17:59 2018
elapsed time: 144 seconds (0d 0h 2m 24s)

